0 verbose cli /usr/local/bin/node /usr/local/bin/npm
1 info using npm@11.9.0
2 info using node@v24.14.0
3 silly config load:file:/usr/local/lib/node_modules/npm/npmrc
4 silly config load:file:/Users/admin/scholarhat/.npmrc
5 silly config load:file:/Users/admin/.npmrc
6 silly config load:file:/usr/local/etc/npmrc
7 verbose title npm install
8 verbose argv "install" "--cache" ".npm-cache"
9 verbose logfile logs-max:10 dir:/Users/admin/scholarhat/.npm-cache/_logs/2026-03-03T00_55_45_083Z-
10 verbose logfile /Users/admin/scholarhat/.npm-cache/_logs/2026-03-03T00_55_45_083Z-debug-0.log
11 silly logfile done cleaning log files
12 silly packumentCache heap:4496293888 maxSize:1124073472 maxEntrySize:562036736
13 silly idealTree buildDeps
14 silly fetch manifest @astrojs/react@^3.6.0
15 silly packumentCache full:https://registry.npmjs.org/@astrojs%2freact cache-miss
16 http fetch GET 200 https://registry.npmjs.org/@astrojs%2freact 243ms (cache miss)
17 silly packumentCache full:https://registry.npmjs.org/@astrojs%2freact set size:undefined disposed:false
18 silly fetch manifest @types/react@^17.0.50 || ^18.0.21
19 silly packumentCache full:https://registry.npmjs.org/@types%2freact cache-miss
20 http fetch GET 200 https://registry.npmjs.org/@types%2freact 135ms (cache miss)
21 silly packumentCache full:https://registry.npmjs.org/@types%2freact set size:undefined disposed:false
22 silly fetch manifest @types/react-dom@^17.0.17 || ^18.0.6
23 silly packumentCache full:https://registry.npmjs.org/@types%2freact-dom cache-miss
24 http fetch GET 200 https://registry.npmjs.org/@types%2freact-dom 89ms (cache miss)
25 silly packumentCache full:https://registry.npmjs.org/@types%2freact-dom set size:undefined disposed:false
26 silly fetch manifest react@^18.3.1
27 silly packumentCache full:https://registry.npmjs.org/react cache-miss
28 http fetch GET 200 https://registry.npmjs.org/react 141ms (cache miss)
29 silly packumentCache full:https://registry.npmjs.org/react set size:undefined disposed:false
30 silly fetch manifest react-dom@^18.3.1
31 silly packumentCache full:https://registry.npmjs.org/react-dom cache-miss
32 http fetch GET 200 https://registry.npmjs.org/react-dom 156ms (cache miss)
33 silly packumentCache full:https://registry.npmjs.org/react-dom set size:undefined disposed:false
34 silly fetch manifest @astrojs/tailwind@^5.1.0
35 silly packumentCache full:https://registry.npmjs.org/@astrojs%2ftailwind cache-miss
36 http fetch GET 200 https://registry.npmjs.org/@astrojs%2ftailwind 82ms (cache miss)
37 silly packumentCache full:https://registry.npmjs.org/@astrojs%2ftailwind set size:undefined disposed:false
38 silly fetch manifest astro@^4.16.0
39 silly packumentCache full:https://registry.npmjs.org/astro cache-miss
40 http fetch GET 200 https://registry.npmjs.org/astro 119ms (cache miss)
41 silly packumentCache full:https://registry.npmjs.org/astro set size:undefined disposed:false
42 silly fetch manifest tailwindcss@^3.4.15
43 silly packumentCache full:https://registry.npmjs.org/tailwindcss cache-miss
44 http fetch GET 200 https://registry.npmjs.org/tailwindcss 138ms (cache miss)
45 silly packumentCache full:https://registry.npmjs.org/tailwindcss set size:undefined disposed:false
46 silly placeDep ROOT @astrojs/react@3.6.3 OK for: scholarhat@0.0.1 want: ^3.6.0
47 silly placeDep ROOT react@18.3.1 OK for: @astrojs/react@3.6.3 want: ^17.0.2 || ^18.0.0 || ^19.0.0-beta
48 silly placeDep ROOT react-dom@18.3.1 OK for: @astrojs/react@3.6.3 want: ^17.0.2 || ^18.0.0 || ^19.0.0-beta
49 silly placeDep ROOT @types/react@18.3.28 OK for: @astrojs/react@3.6.3 want: ^17.0.50 || ^18.0.21
50 silly placeDep ROOT @types/react-dom@18.3.7 OK for: @astrojs/react@3.6.3 want: ^17.0.17 || ^18.0.6
51 silly placeDep ROOT @astrojs/tailwind@5.1.5 OK for: scholarhat@0.0.1 want: ^5.1.0
52 silly placeDep ROOT tailwindcss@3.4.19 OK for: @astrojs/tailwind@5.1.5 want: ^3.0.24
53 silly fetch manifest ultrahtml@^1.5.3
54 silly packumentCache full:https://registry.npmjs.org/ultrahtml cache-miss
55 silly fetch manifest @vitejs/plugin-react@^4.3.3
56 silly packumentCache full:https://registry.npmjs.org/@vitejs%2fplugin-react cache-miss
57 silly fetch manifest csstype@^3.2.2
58 silly packumentCache full:https://registry.npmjs.org/csstype cache-miss
59 silly fetch manifest @types/prop-types@*
60 silly packumentCache full:https://registry.npmjs.org/@types%2fprop-types cache-miss
61 silly fetch manifest scheduler@^0.23.2
62 silly packumentCache full:https://registry.npmjs.org/scheduler cache-miss
63 silly fetch manifest loose-envify@^1.1.0
64 silly packumentCache full:https://registry.npmjs.org/loose-envify cache-miss
65 silly fetch manifest loose-envify@^1.1.0
66 silly packumentCache full:https://registry.npmjs.org/loose-envify cache-miss
67 http fetch GET 200 https://registry.npmjs.org/ultrahtml 68ms (cache miss)
68 silly packumentCache full:https://registry.npmjs.org/ultrahtml set size:undefined disposed:false
69 silly fetch manifest autoprefixer@^10.4.20
70 silly packumentCache full:https://registry.npmjs.org/autoprefixer cache-miss
71 http fetch GET 200 https://registry.npmjs.org/autoprefixer 85ms (cache miss)
72 silly packumentCache full:https://registry.npmjs.org/autoprefixer set size:undefined disposed:false
73 silly fetch manifest postcss-load-config@^4.0.2
74 silly packumentCache full:https://registry.npmjs.org/postcss-load-config cache-miss
75 http fetch GET 200 https://registry.npmjs.org/@types%2fprop-types 198ms (cache miss)
76 silly packumentCache full:https://registry.npmjs.org/@types%2fprop-types set size:undefined disposed:false
77 silly fetch manifest arg@^5.0.2
78 silly packumentCache full:https://registry.npmjs.org/arg cache-miss
79 http fetch GET 200 https://registry.npmjs.org/loose-envify 200ms (cache miss)
80 silly packumentCache full:https://registry.npmjs.org/loose-envify set size:undefined disposed:false
81 silly fetch manifest jiti@^1.21.7
82 silly packumentCache full:https://registry.npmjs.org/jiti cache-miss
83 http fetch GET 200 https://registry.npmjs.org/loose-envify 201ms (cache miss)
84 silly packumentCache full:https://registry.npmjs.org/loose-envify set size:undefined disposed:false
85 silly fetch manifest resolve@^1.22.8
86 silly packumentCache full:https://registry.npmjs.org/resolve cache-miss
87 http fetch GET 200 https://registry.npmjs.org/postcss-load-config 58ms (cache miss)
88 silly packumentCache full:https://registry.npmjs.org/postcss-load-config set size:undefined disposed:false
89 silly fetch manifest sucrase@^3.35.0
90 silly packumentCache full:https://registry.npmjs.org/sucrase cache-miss
91 http fetch GET 200 https://registry.npmjs.org/@vitejs%2fplugin-react 220ms (cache miss)
92 silly packumentCache full:https://registry.npmjs.org/@vitejs%2fplugin-react set size:undefined disposed:false
93 silly fetch manifest chokidar@^3.6.0
94 silly packumentCache full:https://registry.npmjs.org/chokidar cache-miss
95 http fetch GET 200 https://registry.npmjs.org/csstype 224ms (cache miss)
96 silly packumentCache full:https://registry.npmjs.org/csstype set size:undefined disposed:false
97 silly fetch manifest lilconfig@^3.1.3
98 silly packumentCache full:https://registry.npmjs.org/lilconfig cache-miss
99 http fetch GET 200 https://registry.npmjs.org/arg 66ms (cache miss)
100 silly packumentCache full:https://registry.npmjs.org/arg set size:undefined disposed:false
101 silly fetch manifest didyoumean@^1.2.2
102 silly packumentCache full:https://registry.npmjs.org/didyoumean cache-miss
103 http fetch GET 200 https://registry.npmjs.org/resolve 70ms (cache miss)
104 silly packumentCache full:https://registry.npmjs.org/resolve set size:undefined disposed:false
105 silly fetch manifest postcss-js@^4.0.1
106 silly packumentCache full:https://registry.npmjs.org/postcss-js cache-miss
107 http fetch GET 200 https://registry.npmjs.org/sucrase 63ms (cache miss)
108 silly packumentCache full:https://registry.npmjs.org/sucrase set size:undefined disposed:false
109 silly fetch manifest glob-parent@^6.0.2
110 silly packumentCache full:https://registry.npmjs.org/glob-parent cache-miss
111 http fetch GET 200 https://registry.npmjs.org/lilconfig 59ms (cache miss)
112 silly packumentCache full:https://registry.npmjs.org/lilconfig set size:undefined disposed:false
113 silly fetch manifest object-hash@^3.0.0
114 silly packumentCache full:https://registry.npmjs.org/object-hash cache-miss
115 http fetch GET 200 https://registry.npmjs.org/chokidar 68ms (cache miss)
116 silly packumentCache full:https://registry.npmjs.org/chokidar set size:undefined disposed:false
117 silly fetch manifest normalize-path@^3.0.0
118 silly packumentCache full:https://registry.npmjs.org/normalize-path cache-miss
119 http fetch GET 200 https://registry.npmjs.org/jiti 93ms (cache miss)
120 silly packumentCache full:https://registry.npmjs.org/jiti set size:undefined disposed:false
121 silly fetch manifest postcss-import@^15.1.0
122 silly packumentCache full:https://registry.npmjs.org/postcss-import cache-miss
123 http fetch GET 200 https://registry.npmjs.org/didyoumean 62ms (cache miss)
124 silly packumentCache full:https://registry.npmjs.org/didyoumean set size:undefined disposed:false
125 silly fetch manifest postcss-nested@^6.2.0
126 silly packumentCache full:https://registry.npmjs.org/postcss-nested cache-miss
127 http fetch GET 200 https://registry.npmjs.org/postcss-js 61ms (cache miss)
128 silly packumentCache full:https://registry.npmjs.org/postcss-js set size:undefined disposed:false
129 silly fetch manifest @alloc/quick-lru@^5.2.0
130 silly packumentCache full:https://registry.npmjs.org/@alloc%2fquick-lru cache-miss
131 http fetch GET 200 https://registry.npmjs.org/scheduler 338ms (cache miss)
132 silly packumentCache full:https://registry.npmjs.org/scheduler set size:undefined disposed:false
133 silly fetch manifest postcss-load-config@^4.0.2 || ^5.0 || ^6.0
134 silly packumentCache full:https://registry.npmjs.org/postcss-load-config cache-miss
135 http cache https://registry.npmjs.org/postcss-load-config 8ms (cache hit)
136 silly packumentCache full:https://registry.npmjs.org/postcss-load-config set size:86425 disposed:false
137 silly fetch manifest postcss-selector-parser@^6.1.2
138 silly packumentCache full:https://registry.npmjs.org/postcss-selector-parser cache-miss
139 http fetch GET 200 https://registry.npmjs.org/normalize-path 73ms (cache miss)
140 silly packumentCache full:https://registry.npmjs.org/normalize-path set size:undefined disposed:false
141 http fetch GET 200 https://registry.npmjs.org/glob-parent 82ms (cache miss)
142 silly packumentCache full:https://registry.npmjs.org/glob-parent set size:undefined disposed:false
143 http fetch GET 200 https://registry.npmjs.org/object-hash 81ms (cache miss)
144 silly packumentCache full:https://registry.npmjs.org/object-hash set size:undefined disposed:false
145 http fetch GET 200 https://registry.npmjs.org/postcss-import 76ms (cache miss)
146 silly packumentCache full:https://registry.npmjs.org/postcss-import set size:undefined disposed:false
147 http fetch GET 200 https://registry.npmjs.org/postcss-nested 62ms (cache miss)
148 silly packumentCache full:https://registry.npmjs.org/postcss-nested set size:undefined disposed:false
149 http fetch GET 200 https://registry.npmjs.org/@alloc%2fquick-lru 79ms (cache miss)
150 silly packumentCache full:https://registry.npmjs.org/@alloc%2fquick-lru set size:undefined disposed:false
151 http fetch GET 200 https://registry.npmjs.org/postcss-selector-parser 56ms (cache miss)
152 silly packumentCache full:https://registry.npmjs.org/postcss-selector-parser set size:undefined disposed:false
153 silly fetch manifest vite@^5.4.10
154 silly packumentCache full:https://registry.npmjs.org/vite cache-miss
155 http fetch GET 200 https://registry.npmjs.org/vite 860ms (cache miss)
156 silly packumentCache full:https://registry.npmjs.org/vite set size:undefined disposed:false
157 silly fetch manifest @types/node@^18.0.0 || >=20.0.0
158 silly packumentCache full:https://registry.npmjs.org/@types%2fnode cache-miss
159 http fetch GET 200 https://registry.npmjs.org/@types%2fnode 236ms (cache miss)
160 silly packumentCache full:https://registry.npmjs.org/@types%2fnode set size:undefined disposed:false
161 silly fetch manifest less@*
162 silly packumentCache full:https://registry.npmjs.org/less cache-miss
163 http fetch GET 200 https://registry.npmjs.org/less 69ms (cache miss)
164 silly packumentCache full:https://registry.npmjs.org/less set size:undefined disposed:false
165 silly fetch manifest lightningcss@^1.21.0
166 silly packumentCache full:https://registry.npmjs.org/lightningcss cache-miss
167 http fetch GET 200 https://registry.npmjs.org/lightningcss 57ms (cache miss)
168 silly packumentCache full:https://registry.npmjs.org/lightningcss set size:undefined disposed:false
169 silly fetch manifest sass@*
170 silly packumentCache full:https://registry.npmjs.org/sass cache-miss
171 http fetch GET 200 https://registry.npmjs.org/sass 107ms (cache miss)
172 silly packumentCache full:https://registry.npmjs.org/sass set size:undefined disposed:false
173 silly fetch manifest sass-embedded@*
174 silly packumentCache full:https://registry.npmjs.org/sass-embedded cache-miss
175 http fetch GET 200 https://registry.npmjs.org/sass-embedded 66ms (cache miss)
176 silly packumentCache full:https://registry.npmjs.org/sass-embedded set size:undefined disposed:false
177 silly fetch manifest stylus@*
178 silly packumentCache full:https://registry.npmjs.org/stylus cache-miss
179 http fetch GET 200 https://registry.npmjs.org/stylus 63ms (cache miss)
180 silly packumentCache full:https://registry.npmjs.org/stylus set size:undefined disposed:false
181 silly fetch manifest sugarss@*
182 silly packumentCache full:https://registry.npmjs.org/sugarss cache-miss
183 http fetch GET 200 https://registry.npmjs.org/sugarss 57ms (cache miss)
184 silly packumentCache full:https://registry.npmjs.org/sugarss set size:undefined disposed:false
185 silly fetch manifest postcss@^8.3.3
186 silly packumentCache full:https://registry.npmjs.org/postcss cache-miss
187 http fetch GET 200 https://registry.npmjs.org/postcss 65ms (cache miss)
188 silly packumentCache full:https://registry.npmjs.org/postcss set size:undefined disposed:false
189 silly fetch manifest terser@^5.4.0
190 silly packumentCache full:https://registry.npmjs.org/terser cache-miss
191 http fetch GET 200 https://registry.npmjs.org/terser 95ms (cache miss)
192 silly packumentCache full:https://registry.npmjs.org/terser set size:undefined disposed:false
193 silly placeDep ROOT @vitejs/plugin-react@4.7.0 OK for: @astrojs/react@3.6.3 want: ^4.3.3
194 silly placeDep ROOT ultrahtml@1.6.0 OK for: @astrojs/react@3.6.3 want: ^1.5.3
195 silly fetch manifest react-refresh@^0.17.0
196 silly packumentCache full:https://registry.npmjs.org/react-refresh cache-miss
197 silly fetch manifest @rolldown/pluginutils@1.0.0-beta.27
198 silly packumentCache full:https://registry.npmjs.org/@rolldown%2fpluginutils cache-miss
199 silly fetch manifest @babel/plugin-transform-react-jsx-self@^7.27.1
200 silly packumentCache full:https://registry.npmjs.org/@babel%2fplugin-transform-react-jsx-self cache-miss
201 silly fetch manifest @babel/plugin-transform-react-jsx-source@^7.27.1
202 silly packumentCache full:https://registry.npmjs.org/@babel%2fplugin-transform-react-jsx-source cache-miss
203 http fetch GET 200 https://registry.npmjs.org/@babel%2fplugin-transform-react-jsx-source 74ms (cache miss)
204 silly packumentCache full:https://registry.npmjs.org/@babel%2fplugin-transform-react-jsx-source set size:undefined disposed:false
205 http fetch GET 200 https://registry.npmjs.org/@rolldown%2fpluginutils 78ms (cache miss)
206 silly packumentCache full:https://registry.npmjs.org/@rolldown%2fpluginutils set size:undefined disposed:false
207 http fetch GET 200 https://registry.npmjs.org/@babel%2fplugin-transform-react-jsx-self 80ms (cache miss)
208 silly packumentCache full:https://registry.npmjs.org/@babel%2fplugin-transform-react-jsx-self set size:undefined disposed:false
209 http fetch GET 200 https://registry.npmjs.org/react-refresh 178ms (cache miss)
210 silly packumentCache full:https://registry.npmjs.org/react-refresh set size:undefined disposed:false
211 silly fetch manifest postcss@^8.5.1
212 silly packumentCache full:https://registry.npmjs.org/postcss cache-miss
213 http cache https://registry.npmjs.org/postcss 7ms (cache hit)
214 silly packumentCache full:https://registry.npmjs.org/postcss set size:702266 disposed:false
215 silly fetch manifest ts-node@>=9.0.0
216 silly packumentCache full:https://registry.npmjs.org/ts-node cache-miss
217 http fetch GET 200 https://registry.npmjs.org/ts-node 57ms (cache miss)
218 silly packumentCache full:https://registry.npmjs.org/ts-node set size:undefined disposed:false
219 silly fetch manifest @swc/core@>=1.2.50
220 silly packumentCache full:https://registry.npmjs.org/@swc%2fcore cache-miss
221 http fetch GET 200 https://registry.npmjs.org/@swc%2fcore 128ms (cache miss)
222 silly packumentCache full:https://registry.npmjs.org/@swc%2fcore set size:undefined disposed:false
223 silly fetch manifest @swc/helpers@>=0.5.17
224 silly packumentCache full:https://registry.npmjs.org/@swc%2fhelpers cache-miss
225 http fetch GET 200 https://registry.npmjs.org/@swc%2fhelpers 83ms (cache miss)
226 silly packumentCache full:https://registry.npmjs.org/@swc%2fhelpers set size:undefined disposed:false
227 silly fetch manifest @swc/wasm@>=1.2.50
228 silly packumentCache full:https://registry.npmjs.org/@swc%2fwasm cache-miss
229 http fetch GET 200 https://registry.npmjs.org/@swc%2fwasm 104ms (cache miss)
230 silly packumentCache full:https://registry.npmjs.org/@swc%2fwasm set size:undefined disposed:false
231 silly fetch manifest @types/node@*
232 silly packumentCache full:https://registry.npmjs.org/@types%2fnode cache-miss
233 http cache https://registry.npmjs.org/@types%2fnode 17ms (cache hit)
234 silly packumentCache full:https://registry.npmjs.org/@types%2fnode set size:10900244 disposed:false
235 silly fetch manifest typescript@>=2.7
236 silly packumentCache full:https://registry.npmjs.org/typescript cache-miss
237 http fetch GET 200 https://registry.npmjs.org/typescript 175ms (cache miss)
238 silly packumentCache full:https://registry.npmjs.org/typescript set size:undefined disposed:false
239 silly placeDep ROOT autoprefixer@10.4.27 OK for: @astrojs/tailwind@5.1.5 want: ^10.4.20
240 silly placeDep ROOT postcss-load-config@4.0.2 OK for: @astrojs/tailwind@5.1.5 want: ^4.0.2
241 silly fetch manifest fraction.js@^5.3.4
242 silly packumentCache full:https://registry.npmjs.org/fraction.js cache-miss
243 silly fetch manifest postcss-value-parser@^4.2.0
244 silly packumentCache full:https://registry.npmjs.org/postcss-value-parser cache-miss
245 silly fetch manifest yaml@^2.3.4
246 silly packumentCache full:https://registry.npmjs.org/yaml cache-miss
247 silly fetch manifest lilconfig@^3.0.0
248 silly packumentCache full:https://registry.npmjs.org/lilconfig cache-miss
249 http cache https://registry.npmjs.org/lilconfig 3ms (cache hit)
250 silly packumentCache full:https://registry.npmjs.org/lilconfig set size:45636 disposed:false
251 http fetch GET 200 https://registry.npmjs.org/fraction.js 56ms (cache miss)
252 silly packumentCache full:https://registry.npmjs.org/fraction.js set size:undefined disposed:false
253 http fetch GET 200 https://registry.npmjs.org/postcss-value-parser 57ms (cache miss)
254 silly packumentCache full:https://registry.npmjs.org/postcss-value-parser set size:undefined disposed:false
255 http fetch GET 200 https://registry.npmjs.org/yaml 64ms (cache miss)
256 silly packumentCache full:https://registry.npmjs.org/yaml set size:undefined disposed:false
257 silly placeDep ROOT @types/prop-types@15.7.15 OK for: @types/react@18.3.28 want: *
258 silly placeDep ROOT csstype@3.2.3 OK for: @types/react@18.3.28 want: ^3.2.2
259 silly fetch manifest @babel/core@^7.28.0
260 silly packumentCache full:https://registry.npmjs.org/@babel%2fcore cache-miss
261 http fetch GET 200 https://registry.npmjs.org/@babel%2fcore 68ms (cache miss)
262 silly packumentCache full:https://registry.npmjs.org/@babel%2fcore set size:undefined disposed:false
263 silly placeDep ROOT @babel/plugin-transform-react-jsx-self@7.27.1 OK for: @vitejs/plugin-react@4.7.0 want: ^7.27.1
264 silly placeDep ROOT @babel/plugin-transform-react-jsx-source@7.27.1 OK for: @vitejs/plugin-react@4.7.0 want: ^7.27.1
265 silly placeDep ROOT @rolldown/pluginutils@1.0.0-beta.27 OK for: @vitejs/plugin-react@4.7.0 want: 1.0.0-beta.27
266 silly placeDep ROOT react-refresh@0.17.0 OK for: @vitejs/plugin-react@4.7.0 want: ^0.17.0
267 silly placeDep ROOT fraction.js@5.3.4 OK for: autoprefixer@10.4.27 want: ^5.3.4
268 silly placeDep ROOT postcss-value-parser@4.2.0 OK for: autoprefixer@10.4.27 want: ^4.2.0
269 silly placeDep ROOT lilconfig@3.1.3 OK for: postcss-load-config@4.0.2 want: ^3.0.0
270 silly placeDep ROOT yaml@2.8.2 OK for: postcss-load-config@4.0.2 want: ^2.3.4
271 silly placeDep ROOT loose-envify@1.4.0 OK for: react@18.3.1 want: ^1.1.0
272 silly placeDep ROOT scheduler@0.23.2 OK for: react-dom@18.3.1 want: ^0.23.2
273 silly fetch manifest postcss@^8.4.47
274 silly packumentCache full:https://registry.npmjs.org/postcss cache-hit
275 silly placeDep ROOT @alloc/quick-lru@5.2.0 OK for: tailwindcss@3.4.19 want: ^5.2.0
276 silly placeDep ROOT arg@5.0.2 OK for: tailwindcss@3.4.19 want: ^5.0.2
277 silly placeDep ROOT chokidar@3.6.0 OK for: tailwindcss@3.4.19 want: ^3.6.0
278 silly placeDep ROOT didyoumean@1.2.2 OK for: tailwindcss@3.4.19 want: ^1.2.2
279 silly placeDep node_modules/tailwindcss glob-parent@6.0.2 OK for: tailwindcss@3.4.19 want: ^6.0.2
280 silly placeDep ROOT jiti@1.21.7 OK for: tailwindcss@3.4.19 want: ^1.21.7
281 silly placeDep ROOT normalize-path@3.0.0 OK for: tailwindcss@3.4.19 want: ^3.0.0
282 silly placeDep ROOT object-hash@3.0.0 OK for: tailwindcss@3.4.19 want: ^3.0.0
283 silly placeDep ROOT postcss-import@15.1.0 OK for: tailwindcss@3.4.19 want: ^15.1.0
284 silly placeDep ROOT postcss-js@4.1.0 OK for: tailwindcss@3.4.19 want: ^4.0.1
285 silly placeDep ROOT postcss-nested@6.2.0 OK for: tailwindcss@3.4.19 want: ^6.2.0
286 silly placeDep ROOT postcss-selector-parser@6.1.2 OK for: tailwindcss@3.4.19 want: ^6.1.2
287 silly placeDep ROOT resolve@1.22.11 OK for: tailwindcss@3.4.19 want: ^1.22.8
288 silly placeDep ROOT sucrase@3.35.1 OK for: tailwindcss@3.4.19 want: ^3.35.0
289 silly fetch manifest anymatch@~3.1.2
290 silly packumentCache full:https://registry.npmjs.org/anymatch cache-miss
291 silly fetch manifest readdirp@~3.6.0
292 silly packumentCache full:https://registry.npmjs.org/readdirp cache-miss
293 silly fetch manifest is-binary-path@~2.1.0
294 silly packumentCache full:https://registry.npmjs.org/is-binary-path cache-miss
295 silly fetch manifest normalize-path@~3.0.0
296 silly packumentCache full:https://registry.npmjs.org/normalize-path cache-miss
297 silly fetch manifest resolve@^1.1.7
298 silly packumentCache full:https://registry.npmjs.org/resolve cache-miss
299 silly fetch manifest read-cache@^1.0.0
300 silly packumentCache full:https://registry.npmjs.org/read-cache cache-miss
301 silly fetch manifest camelcase-css@^2.0.1
302 silly packumentCache full:https://registry.npmjs.org/camelcase-css cache-miss
303 http cache https://registry.npmjs.org/normalize-path 3ms (cache hit)
304 silly packumentCache full:https://registry.npmjs.org/normalize-path set size:28713 disposed:false
305 silly fetch manifest postcss-selector-parser@^6.1.1
306 silly packumentCache full:https://registry.npmjs.org/postcss-selector-parser cache-miss
307 http cache https://registry.npmjs.org/resolve 3ms (cache hit)
308 silly packumentCache full:https://registry.npmjs.org/resolve set size:238156 disposed:false
309 silly fetch manifest util-deprecate@^1.0.2
310 silly packumentCache full:https://registry.npmjs.org/util-deprecate cache-miss
311 http cache https://registry.npmjs.org/postcss-selector-parser 3ms (cache hit)
312 silly packumentCache full:https://registry.npmjs.org/postcss-selector-parser set size:177140 disposed:false
313 silly fetch manifest path-parse@^1.0.7
314 silly packumentCache full:https://registry.npmjs.org/path-parse cache-miss
315 http fetch GET 200 https://registry.npmjs.org/read-cache 55ms (cache miss)
316 silly packumentCache full:https://registry.npmjs.org/read-cache set size:undefined disposed:false
317 silly fetch manifest is-core-module@^2.16.1
318 silly packumentCache full:https://registry.npmjs.org/is-core-module cache-miss
319 http fetch GET 200 https://registry.npmjs.org/anymatch 57ms (cache miss)
320 silly packumentCache full:https://registry.npmjs.org/anymatch set size:undefined disposed:false
321 silly fetch manifest supports-preserve-symlinks-flag@^1.0.0
322 silly packumentCache full:https://registry.npmjs.org/supports-preserve-symlinks-flag cache-miss
323 http fetch GET 200 https://registry.npmjs.org/util-deprecate 54ms (cache miss)
324 silly packumentCache full:https://registry.npmjs.org/util-deprecate set size:undefined disposed:false
325 silly fetch manifest commander@^4.0.0
326 silly packumentCache full:https://registry.npmjs.org/commander cache-miss
327 http fetch GET 200 https://registry.npmjs.org/path-parse 61ms (cache miss)
328 silly packumentCache full:https://registry.npmjs.org/path-parse set size:undefined disposed:false
329 silly fetch manifest lines-and-columns@^1.1.6
330 silly packumentCache full:https://registry.npmjs.org/lines-and-columns cache-miss
331 http fetch GET 200 https://registry.npmjs.org/is-binary-path 70ms (cache miss)
332 silly packumentCache full:https://registry.npmjs.org/is-binary-path set size:undefined disposed:false
333 silly fetch manifest mz@^2.7.0
334 silly packumentCache full:https://registry.npmjs.org/mz cache-miss
335 http fetch GET 200 https://registry.npmjs.org/camelcase-css 70ms (cache miss)
336 silly packumentCache full:https://registry.npmjs.org/camelcase-css set size:undefined disposed:false
337 silly fetch manifest pirates@^4.0.1
338 silly packumentCache full:https://registry.npmjs.org/pirates cache-miss
339 http fetch GET 200 https://registry.npmjs.org/readdirp 72ms (cache miss)
340 silly packumentCache full:https://registry.npmjs.org/readdirp set size:undefined disposed:false
341 silly fetch manifest tinyglobby@^0.2.11
342 silly packumentCache full:https://registry.npmjs.org/tinyglobby cache-miss
343 http fetch GET 200 https://registry.npmjs.org/supports-preserve-symlinks-flag 61ms (cache miss)
344 silly packumentCache full:https://registry.npmjs.org/supports-preserve-symlinks-flag set size:undefined disposed:false
345 silly fetch manifest ts-interface-checker@^0.1.9
346 silly packumentCache full:https://registry.npmjs.org/ts-interface-checker cache-miss
347 http fetch GET 200 https://registry.npmjs.org/is-core-module 64ms (cache miss)
348 silly packumentCache full:https://registry.npmjs.org/is-core-module set size:undefined disposed:false
349 http fetch GET 200 https://registry.npmjs.org/lines-and-columns 55ms (cache miss)
350 silly packumentCache full:https://registry.npmjs.org/lines-and-columns set size:undefined disposed:false
351 http fetch GET 200 https://registry.npmjs.org/pirates 60ms (cache miss)
352 silly packumentCache full:https://registry.npmjs.org/pirates set size:undefined disposed:false
353 http fetch GET 200 https://registry.npmjs.org/commander 74ms (cache miss)
354 silly packumentCache full:https://registry.npmjs.org/commander set size:undefined disposed:false
355 http fetch GET 200 https://registry.npmjs.org/tinyglobby 64ms (cache miss)
356 silly packumentCache full:https://registry.npmjs.org/tinyglobby set size:undefined disposed:false
357 http fetch GET 200 https://registry.npmjs.org/mz 68ms (cache miss)
358 silly packumentCache full:https://registry.npmjs.org/mz set size:undefined disposed:false
359 http fetch GET 200 https://registry.npmjs.org/ts-interface-checker 71ms (cache miss)
360 silly packumentCache full:https://registry.npmjs.org/ts-interface-checker set size:undefined disposed:false
361 silly placeDep ROOT anymatch@3.1.3 OK for: chokidar@3.6.0 want: ~3.1.2
362 silly placeDep ROOT is-binary-path@2.1.0 OK for: chokidar@3.6.0 want: ~2.1.0
363 silly placeDep ROOT readdirp@3.6.0 OK for: chokidar@3.6.0 want: ~3.6.0
364 silly fetch manifest picomatch@^2.0.4
365 silly packumentCache full:https://registry.npmjs.org/picomatch cache-miss
366 silly fetch manifest binary-extensions@^2.0.0
367 silly packumentCache full:https://registry.npmjs.org/binary-extensions cache-miss
368 silly fetch manifest picomatch@^2.2.1
369 silly packumentCache full:https://registry.npmjs.org/picomatch cache-miss
370 http fetch GET 200 https://registry.npmjs.org/picomatch 59ms (cache miss)
371 silly packumentCache full:https://registry.npmjs.org/picomatch set size:undefined disposed:false
372 http fetch GET 200 https://registry.npmjs.org/binary-extensions 61ms (cache miss)
373 silly packumentCache full:https://registry.npmjs.org/binary-extensions set size:undefined disposed:false
374 http fetch GET 200 https://registry.npmjs.org/picomatch 67ms (cache miss)
375 silly packumentCache full:https://registry.npmjs.org/picomatch set size:undefined disposed:false
376 silly placeDep node_modules/anymatch picomatch@2.3.1 OK for: anymatch@3.1.3 want: ^2.0.4
377 silly placeDep ROOT binary-extensions@2.3.0 OK for: is-binary-path@2.1.0 want: ^2.0.0
378 silly placeDep ROOT read-cache@1.0.0 OK for: postcss-import@15.1.0 want: ^1.0.0
379 silly fetch manifest pify@^2.3.0
380 silly packumentCache full:https://registry.npmjs.org/pify cache-miss
381 http fetch GET 200 https://registry.npmjs.org/pify 53ms (cache miss)
382 silly packumentCache full:https://registry.npmjs.org/pify set size:undefined disposed:false
383 silly placeDep ROOT camelcase-css@2.0.1 OK for: postcss-js@4.1.0 want: ^2.0.1
384 silly placeDep ROOT util-deprecate@1.0.2 OK for: postcss-selector-parser@6.1.2 want: ^1.0.2
385 silly placeDep node_modules/read-cache pify@2.3.0 OK for: read-cache@1.0.0 want: ^2.3.0
386 silly placeDep node_modules/readdirp picomatch@2.3.1 OK for: readdirp@3.6.0 want: ^2.2.1
387 silly placeDep ROOT is-core-module@2.16.1 OK for: resolve@1.22.11 want: ^2.16.1
388 silly placeDep ROOT path-parse@1.0.7 OK for: resolve@1.22.11 want: ^1.0.7
389 silly placeDep ROOT supports-preserve-symlinks-flag@1.0.0 OK for: resolve@1.22.11 want: ^1.0.0
390 silly fetch manifest hasown@^2.0.2
391 silly packumentCache full:https://registry.npmjs.org/hasown cache-miss
392 http fetch GET 200 https://registry.npmjs.org/hasown 53ms (cache miss)
393 silly packumentCache full:https://registry.npmjs.org/hasown set size:undefined disposed:false
394 silly placeDep ROOT hasown@2.0.2 OK for: is-core-module@2.16.1 want: ^2.0.2
395 silly fetch manifest function-bind@^1.1.2
396 silly packumentCache full:https://registry.npmjs.org/function-bind cache-miss
397 http fetch GET 200 https://registry.npmjs.org/function-bind 58ms (cache miss)
398 silly packumentCache full:https://registry.npmjs.org/function-bind set size:undefined disposed:false
399 silly placeDep ROOT function-bind@1.1.2 OK for: hasown@2.0.2 want: ^1.1.2
400 silly placeDep ROOT commander@4.1.1 OK for: sucrase@3.35.1 want: ^4.0.0
401 silly placeDep ROOT lines-and-columns@1.2.4 OK for: sucrase@3.35.1 want: ^1.1.6
402 silly placeDep ROOT mz@2.7.0 OK for: sucrase@3.35.1 want: ^2.7.0
403 silly placeDep ROOT pirates@4.0.7 OK for: sucrase@3.35.1 want: ^4.0.1
404 silly placeDep ROOT tinyglobby@0.2.15 OK for: sucrase@3.35.1 want: ^0.2.11
405 silly placeDep ROOT ts-interface-checker@0.1.13 OK for: sucrase@3.35.1 want: ^0.1.9
406 silly fetch manifest any-promise@^1.0.0
407 silly packumentCache full:https://registry.npmjs.org/any-promise cache-miss
408 silly fetch manifest object-assign@^4.0.1
409 silly packumentCache full:https://registry.npmjs.org/object-assign cache-miss
410 silly fetch manifest thenify-all@^1.0.0
411 silly packumentCache full:https://registry.npmjs.org/thenify-all cache-miss
412 silly fetch manifest fdir@^6.5.0
413 silly packumentCache full:https://registry.npmjs.org/fdir cache-miss
414 http fetch GET 200 https://registry.npmjs.org/thenify-all 57ms (cache miss)
415 silly packumentCache full:https://registry.npmjs.org/thenify-all set size:undefined disposed:false
416 http fetch GET 200 https://registry.npmjs.org/object-assign 59ms (cache miss)
417 silly packumentCache full:https://registry.npmjs.org/object-assign set size:undefined disposed:false
418 http fetch GET 200 https://registry.npmjs.org/any-promise 64ms (cache miss)
419 silly packumentCache full:https://registry.npmjs.org/any-promise set size:undefined disposed:false
420 http fetch GET 200 https://registry.npmjs.org/fdir 65ms (cache miss)
421 silly packumentCache full:https://registry.npmjs.org/fdir set size:undefined disposed:false
422 silly placeDep ROOT any-promise@1.3.0 OK for: mz@2.7.0 want: ^1.0.0
423 silly placeDep ROOT object-assign@4.1.1 OK for: mz@2.7.0 want: ^4.0.1
424 silly placeDep ROOT thenify-all@1.6.0 OK for: mz@2.7.0 want: ^1.0.0
425 silly fetch manifest thenify@>= 3.1.0 < 4
426 silly packumentCache full:https://registry.npmjs.org/thenify cache-miss
427 http fetch GET 200 https://registry.npmjs.org/thenify 52ms (cache miss)
428 silly packumentCache full:https://registry.npmjs.org/thenify set size:undefined disposed:false
429 silly placeDep ROOT thenify@3.3.1 OK for: thenify-all@1.6.0 want: >= 3.1.0 < 4
430 silly fetch manifest picomatch@^4.0.3
431 silly packumentCache full:https://registry.npmjs.org/picomatch cache-miss
432 http cache https://registry.npmjs.org/picomatch 2ms (cache hit)
433 silly packumentCache full:https://registry.npmjs.org/picomatch set size:118818 disposed:false
434 silly placeDep ROOT fdir@6.5.0 OK for: tinyglobby@0.2.15 want: ^6.5.0
435 silly reify moves {}
436 silly audit bulk request {
436 silly audit   '@astrojs/compiler': [ '2.13.1' ],
436 silly audit   '@astrojs/internal-helpers': [ '0.4.1' ],
436 silly audit   '@astrojs/markdown-remark': [ '5.3.0' ],
436 silly audit   '@astrojs/prism': [ '3.1.0' ],
436 silly audit   '@astrojs/telemetry': [ '3.1.0' ],
436 silly audit   '@babel/code-frame': [ '7.29.0' ],
436 silly audit   '@babel/compat-data': [ '7.29.0' ],
436 silly audit   '@babel/core': [ '7.29.0' ],
436 silly audit   semver: [ '6.3.1', '7.7.4' ],
436 silly audit   '@babel/generator': [ '7.29.1' ],
436 silly audit   '@babel/helper-annotate-as-pure': [ '7.27.3' ],
436 silly audit   '@babel/helper-compilation-targets': [ '7.28.6' ],
436 silly audit   '@babel/helper-globals': [ '7.28.0' ],
436 silly audit   '@babel/helper-module-imports': [ '7.28.6' ],
436 silly audit   '@babel/helper-module-transforms': [ '7.28.6' ],
436 silly audit   '@babel/helper-plugin-utils': [ '7.28.6' ],
436 silly audit   '@babel/helper-string-parser': [ '7.27.1' ],
436 silly audit   '@babel/helper-validator-identifier': [ '7.28.5' ],
436 silly audit   '@babel/helper-validator-option': [ '7.27.1' ],
436 silly audit   '@babel/helpers': [ '7.28.6' ],
436 silly audit   '@babel/parser': [ '7.29.0' ],
436 silly audit   '@babel/plugin-syntax-jsx': [ '7.28.6' ],
436 silly audit   '@babel/plugin-transform-react-jsx': [ '7.28.6' ],
436 silly audit   '@babel/template': [ '7.28.6' ],
436 silly audit   '@babel/traverse': [ '7.29.0' ],
436 silly audit   '@babel/types': [ '7.29.0' ],
436 silly audit   '@emnapi/runtime': [ '1.8.1' ],
436 silly audit   '@esbuild/aix-ppc64': [ '0.21.5' ],
436 silly audit   '@esbuild/android-arm': [ '0.21.5' ],
436 silly audit   '@esbuild/android-arm64': [ '0.21.5' ],
436 silly audit   '@esbuild/android-x64': [ '0.21.5' ],
436 silly audit   '@esbuild/darwin-arm64': [ '0.21.5' ],
436 silly audit   '@esbuild/darwin-x64': [ '0.21.5' ],
436 silly audit   '@esbuild/freebsd-arm64': [ '0.21.5' ],
436 silly audit   '@esbuild/freebsd-x64': [ '0.21.5' ],
436 silly audit   '@esbuild/linux-arm': [ '0.21.5' ],
436 silly audit   '@esbuild/linux-arm64': [ '0.21.5' ],
436 silly audit   '@esbuild/linux-ia32': [ '0.21.5' ],
436 silly audit   '@esbuild/linux-loong64': [ '0.21.5' ],
436 silly audit   '@esbuild/linux-mips64el': [ '0.21.5' ],
436 silly audit   '@esbuild/linux-ppc64': [ '0.21.5' ],
436 silly audit   '@esbuild/linux-riscv64': [ '0.21.5' ],
436 silly audit   '@esbuild/linux-s390x': [ '0.21.5' ],
436 silly audit   '@esbuild/linux-x64': [ '0.21.5' ],
436 silly audit   '@esbuild/netbsd-x64': [ '0.21.5' ],
436 silly audit   '@esbuild/openbsd-x64': [ '0.21.5' ],
436 silly audit   '@esbuild/sunos-x64': [ '0.21.5' ],
436 silly audit   '@esbuild/win32-arm64': [ '0.21.5' ],
436 silly audit   '@esbuild/win32-ia32': [ '0.21.5' ],
436 silly audit   '@esbuild/win32-x64': [ '0.21.5' ],
436 silly audit   '@img/sharp-darwin-arm64': [ '0.33.5' ],
436 silly audit   '@img/sharp-darwin-x64': [ '0.33.5' ],
436 silly audit   '@img/sharp-libvips-darwin-arm64': [ '1.0.4' ],
436 silly audit   '@img/sharp-libvips-darwin-x64': [ '1.0.4' ],
436 silly audit   '@img/sharp-libvips-linux-arm': [ '1.0.5' ],
436 silly audit   '@img/sharp-libvips-linux-arm64': [ '1.0.4' ],
436 silly audit   '@img/sharp-libvips-linux-s390x': [ '1.0.4' ],
436 silly audit   '@img/sharp-libvips-linux-x64': [ '1.0.4' ],
436 silly audit   '@img/sharp-libvips-linuxmusl-arm64': [ '1.0.4' ],
436 silly audit   '@img/sharp-libvips-linuxmusl-x64': [ '1.0.4' ],
436 silly audit   '@img/sharp-linux-arm': [ '0.33.5' ],
436 silly audit   '@img/sharp-linux-arm64': [ '0.33.5' ],
436 silly audit   '@img/sharp-linux-s390x': [ '0.33.5' ],
436 silly audit   '@img/sharp-linux-x64': [ '0.33.5' ],
436 silly audit   '@img/sharp-linuxmusl-arm64': [ '0.33.5' ],
436 silly audit   '@img/sharp-linuxmusl-x64': [ '0.33.5' ],
436 silly audit   '@img/sharp-wasm32': [ '0.33.5' ],
436 silly audit   '@img/sharp-win32-ia32': [ '0.33.5' ],
436 silly audit   '@img/sharp-win32-x64': [ '0.33.5' ],
436 silly audit   '@jridgewell/gen-mapping': [ '0.3.13' ],
436 silly audit   '@jridgewell/remapping': [ '2.3.5' ],
436 silly audit   '@jridgewell/resolve-uri': [ '3.1.2' ],
436 silly audit   '@jridgewell/sourcemap-codec': [ '1.5.5' ],
436 silly audit   '@jridgewell/trace-mapping': [ '0.3.31' ],
436 silly audit   '@nodelib/fs.scandir': [ '2.1.5' ],
436 silly audit   '@nodelib/fs.stat': [ '2.0.5' ],
436 silly audit   '@nodelib/fs.walk': [ '1.2.8' ],
436 silly audit   '@oslojs/encoding': [ '1.1.0' ],
436 silly audit   '@rollup/pluginutils': [ '5.3.0' ],
436 silly audit   'estree-walker': [ '2.0.2', '3.0.3' ],
436 silly audit   '@rollup/rollup-android-arm-eabi': [ '4.59.0' ],
436 silly audit   '@rollup/rollup-android-arm64': [ '4.59.0' ],
436 silly audit   '@rollup/rollup-darwin-arm64': [ '4.59.0' ],
436 silly audit   '@rollup/rollup-darwin-x64': [ '4.59.0' ],
436 silly audit   '@rollup/rollup-freebsd-arm64': [ '4.59.0' ],
436 silly audit   '@rollup/rollup-freebsd-x64': [ '4.59.0' ],
436 silly audit   '@rollup/rollup-linux-arm-gnueabihf': [ '4.59.0' ],
436 silly audit   '@rollup/rollup-linux-arm-musleabihf': [ '4.59.0' ],
436 silly audit   '@rollup/rollup-linux-arm64-gnu': [ '4.59.0' ],
436 silly audit   '@rollup/rollup-linux-arm64-musl': [ '4.59.0' ],
436 silly audit   '@rollup/rollup-linux-loong64-gnu': [ '4.59.0' ],
436 silly audit   '@rollup/rollup-linux-loong64-musl': [ '4.59.0' ],
436 silly audit   '@rollup/rollup-linux-ppc64-gnu': [ '4.59.0' ],
436 silly audit   '@rollup/rollup-linux-ppc64-musl': [ '4.59.0' ],
436 silly audit   '@rollup/rollup-linux-riscv64-gnu': [ '4.59.0' ],
436 silly audit   '@rollup/rollup-linux-riscv64-musl': [ '4.59.0' ],
436 silly audit   '@rollup/rollup-linux-s390x-gnu': [ '4.59.0' ],
436 silly audit   '@rollup/rollup-linux-x64-gnu': [ '4.59.0' ],
436 silly audit   '@rollup/rollup-linux-x64-musl': [ '4.59.0' ],
436 silly audit   '@rollup/rollup-openbsd-x64': [ '4.59.0' ],
436 silly audit   '@rollup/rollup-openharmony-arm64': [ '4.59.0' ],
436 silly audit   '@rollup/rollup-win32-arm64-msvc': [ '4.59.0' ],
436 silly audit   '@rollup/rollup-win32-ia32-msvc': [ '4.59.0' ],
436 silly audit   '@rollup/rollup-win32-x64-gnu': [ '4.59.0' ],
436 silly audit   '@rollup/rollup-win32-x64-msvc': [ '4.59.0' ],
436 silly audit   '@shikijs/core': [ '1.29.2' ],
436 silly audit   '@shikijs/engine-javascript': [ '1.29.2' ],
436 silly audit   '@shikijs/engine-oniguruma': [ '1.29.2' ],
436 silly audit   '@shikijs/langs': [ '1.29.2' ],
436 silly audit   '@shikijs/themes': [ '1.29.2' ],
436 silly audit   '@shikijs/types': [ '1.29.2' ],
436 silly audit   '@shikijs/vscode-textmate': [ '10.0.2' ],
436 silly audit   '@types/babel__core': [ '7.20.5' ],
436 silly audit   '@types/babel__generator': [ '7.27.0' ],
436 silly audit   '@types/babel__template': [ '7.4.4' ],
436 silly audit   '@types/babel__traverse': [ '7.28.0' ],
436 silly audit   '@types/cookie': [ '0.6.0' ],
436 silly audit   '@types/debug': [ '4.1.12' ],
436 silly audit   '@types/estree': [ '1.0.8' ],
436 silly audit   '@types/hast': [ '3.0.4' ],
436 silly audit   '@types/mdast': [ '4.0.4' ],
436 silly audit   '@types/ms': [ '2.1.0' ],
436 silly audit   '@types/nlcst': [ '2.0.3' ],
436 silly audit   '@types/unist': [ '3.0.3' ],
436 silly audit   '@ungap/structured-clone': [ '1.3.0' ],
436 silly audit   acorn: [ '8.16.0' ],
436 silly audit   'ansi-align': [ '3.0.1' ],
436 silly audit   'ansi-regex': [ '5.0.1', '6.2.2' ],
436 silly audit   'emoji-regex': [ '8.0.0', '10.6.0' ],
436 silly audit   'string-width': [ '4.2.3', '7.2.0' ],
436 silly audit   'strip-ansi': [ '6.0.1', '7.2.0' ],
436 silly audit   'ansi-styles': [ '6.2.3' ],
436 silly audit   argparse: [ '2.0.1', '1.0.10' ],
436 silly audit   'aria-query': [ '5.3.2' ],
436 silly audit   'array-iterate': [ '2.0.1' ],
436 silly audit   astro: [ '4.16.19' ],
436 silly audit   'axobject-query': [ '4.1.0' ],
436 silly audit   bail: [ '2.0.2' ],
436 silly audit   'base-64': [ '1.0.0' ],
436 silly audit   'baseline-browser-mapping': [ '2.10.0' ],
436 silly audit   boxen: [ '8.0.1' ],
436 silly audit   braces: [ '3.0.3' ],
436 silly audit   browserslist: [ '4.28.1' ],
436 silly audit   camelcase: [ '8.0.0' ],
436 silly audit   'caniuse-lite': [ '1.0.30001775' ],
436 silly audit   ccount: [ '2.0.1' ],
436 silly audit   chalk: [ '5.6.2' ],
436 silly audit   'character-entities': [ '2.0.2' ],
436 silly audit   'character-entities-html4': [ '2.1.0' ],
436 silly audit   'character-entities-legacy': [ '3.0.0' ],
436 silly audit   'ci-info': [ '4.4.0' ],
436 silly audit   'cli-boxes': [ '3.0.0' ],
436 silly audit   'cli-cursor': [ '5.0.0' ],
436 silly audit   'cli-spinners': [ '2.9.2' ],
436 silly audit   clsx: [ '2.1.1' ],
436 silly audit   color: [ '4.2.3' ],
436 silly audit   'color-convert': [ '2.0.1' ],
436 silly audit   'color-name': [ '1.1.4' ],
436 silly audit   'color-string': [ '1.9.1' ],
436 silly audit   'comma-separated-tokens': [ '2.0.3' ],
436 silly audit   'common-ancestor-path': [ '1.0.1' ],
436 silly audit   'convert-source-map': [ '2.0.0' ],
436 silly audit   cookie: [ '0.7.2' ],
436 silly audit   cssesc: [ '3.0.0' ],
436 silly audit   debug: [ '4.4.3' ],
436 silly audit   'decode-named-character-reference': [ '1.3.0' ],
436 silly audit   dequal: [ '2.0.3' ],
436 silly audit   'detect-libc': [ '2.1.2' ],
436 silly audit   'deterministic-object-hash': [ '2.0.2' ],
436 silly audit   devalue: [ '5.6.3' ],
436 silly audit   devlop: [ '1.1.0' ],
436 silly audit   diff: [ '5.2.2' ],
436 silly audit   dlv: [ '1.1.3' ],
436 silly audit   dset: [ '3.1.4' ],
436 silly audit   'electron-to-chromium': [ '1.5.302' ],
436 silly audit   'emoji-regex-xs': [ '1.0.0' ],
436 silly audit   entities: [ '6.0.1' ],
436 silly audit   'es-module-lexer': [ '1.7.0' ],
436 silly audit   esbuild: [ '0.21.5' ],
436 silly audit   escalade: [ '3.2.0' ],
436 silly audit   'escape-string-regexp': [ '5.0.0' ],
436 silly audit   esprima: [ '4.0.1' ],
436 silly audit   eventemitter3: [ '5.0.4' ],
436 silly audit   extend: [ '3.0.2' ],
436 silly audit   'extend-shallow': [ '2.0.1' ],
436 silly audit   'fast-glob': [ '3.3.3' ],
436 silly audit   fastq: [ '1.20.1' ],
436 silly audit   'fill-range': [ '7.1.1' ],
436 silly audit   'find-up': [ '4.1.0' ],
436 silly audit   'find-up-simple': [ '1.0.1' ],
436 silly audit   'find-yarn-workspace-root2': [ '1.2.16' ],
436 silly audit   flattie: [ '1.1.1' ],
436 silly audit   fsevents: [ '2.3.3' ],
436 silly audit   gensync: [ '1.0.0-beta.2' ],
436 silly audit   'get-east-asian-width': [ '1.5.0' ],
436 silly audit   'github-slugger': [ '2.0.0' ],
436 silly audit   'glob-parent': [ '5.1.2', '6.0.2' ],
436 silly audit   'graceful-fs': [ '4.2.11' ],
436 silly audit   'gray-matter': [ '4.0.3' ],
436 silly audit   'js-yaml': [ '3.14.2', '4.1.1' ],
436 silly audit   'hast-util-from-html': [ '2.0.3' ],
436 silly audit   'hast-util-from-parse5': [ '8.0.3' ],
436 silly audit   'hast-util-is-element': [ '3.0.0' ],
436 silly audit   'hast-util-parse-selector': [ '4.0.0' ],
436 silly audit   'hast-util-raw': [ '9.1.0' ],
436 silly audit   'hast-util-to-html': [ '9.0.5' ],
436 silly audit   'hast-util-to-parse5': [ '8.0.1' ],
436 silly audit   'hast-util-to-text': [ '4.0.2' ],
436 silly audit   'hast-util-whitespace': [ '3.0.0' ],
436 silly audit   hastscript: [ '9.0.1' ],
436 silly audit   'html-escaper': [ '3.0.3' ],
436 silly audit   'html-void-elements': [ '3.0.0' ],
436 silly audit   'http-cache-semantics': [ '4.2.0' ],
436 silly audit   'import-meta-resolve': [ '4.2.0' ],
436 silly audit   'is-arrayish': [ '0.3.4' ],
436 silly audit   'is-docker': [ '3.0.0' ],
436 silly audit   'is-extendable': [ '0.1.1' ],
436 silly audit   'is-extglob': [ '2.1.1' ],
436 silly audit   'is-fullwidth-code-point': [ '3.0.0' ],
436 silly audit   'is-glob': [ '4.0.3' ],
436 silly audit   'is-inside-container': [ '1.0.0' ],
436 silly audit   'is-interactive': [ '2.0.0' ],
436 silly audit   'is-number': [ '7.0.0' ],
436 silly audit   'is-plain-obj': [ '4.1.0' ],
436 silly audit   'is-unicode-supported': [ '2.1.0', '1.3.0' ],
436 silly audit   'is-wsl': [ '3.1.1' ],
436 silly audit   'js-tokens': [ '4.0.0' ],
436 silly audit   jsesc: [ '3.1.0' ],
436 silly audit   json5: [ '2.2.3' ],
436 silly audit   'kind-of': [ '6.0.3' ],
436 silly audit   kleur: [ '4.1.5', '3.0.3' ],
436 silly audit   'load-yaml-file': [ '0.2.0' ],
436 silly audit   'locate-path': [ '5.0.0' ],
436 silly audit   'log-symbols': [ '6.0.0' ],
436 silly audit   'longest-streak': [ '3.1.0' ],
436 silly audit   'lru-cache': [ '5.1.1' ],
436 silly audit   'magic-string': [ '0.30.21' ],
436 silly audit   magicast: [ '0.3.5' ],
436 silly audit   'markdown-table': [ '3.0.4' ],
436 silly audit   'mdast-util-definitions': [ '6.0.0' ],
436 silly audit   'mdast-util-find-and-replace': [ '3.0.2' ],
436 silly audit   'mdast-util-from-markdown': [ '2.0.3' ],
436 silly audit   'mdast-util-gfm': [ '3.1.0' ],
436 silly audit   'mdast-util-gfm-autolink-literal': [ '2.0.1' ],
436 silly audit   'mdast-util-gfm-footnote': [ '2.1.0' ],
436 silly audit   'mdast-util-gfm-strikethrough': [ '2.0.0' ],
436 silly audit   'mdast-util-gfm-table': [ '2.0.0' ],
436 silly audit   'mdast-util-gfm-task-list-item': [ '2.0.0' ],
436 silly audit   'mdast-util-phrasing': [ '4.1.0' ],
436 silly audit   'mdast-util-to-hast': [ '13.2.1' ],
436 silly audit   'mdast-util-to-markdown': [ '2.1.2' ],
436 silly audit   'mdast-util-to-string': [ '4.0.0' ],
436 silly audit   merge2: [ '1.4.1' ],
436 silly audit   micromark: [ '4.0.2' ],
436 silly audit   'micromark-core-commonmark': [ '2.0.3' ],
436 silly audit   'micromark-extension-gfm': [ '3.0.0' ],
436 silly audit   'micromark-extension-gfm-autolink-literal': [ '2.1.0' ],
436 silly audit   'micromark-extension-gfm-footnote': [ '2.1.0' ],
436 silly audit   'micromark-extension-gfm-strikethrough': [ '2.1.0' ],
436 silly audit   'micromark-extension-gfm-table': [ '2.1.1' ],
436 silly audit   'micromark-extension-gfm-tagfilter': [ '2.0.0' ],
436 silly audit   'micromark-extension-gfm-task-list-item': [ '2.1.0' ],
436 silly audit   'micromark-factory-destination': [ '2.0.1' ],
436 silly audit   'micromark-factory-label': [ '2.0.1' ],
436 silly audit   'micromark-factory-space': [ '2.0.1' ],
436 silly audit   'micromark-factory-title': [ '2.0.1' ],
436 silly audit   'micromark-factory-whitespace': [ '2.0.1' ],
436 silly audit   'micromark-util-character': [ '2.1.1' ],
436 silly audit   'micromark-util-chunked': [ '2.0.1' ],
436 silly audit   'micromark-util-classify-character': [ '2.0.1' ],
436 silly audit   'micromark-util-combine-extensions': [ '2.0.1' ],
436 silly audit   'micromark-util-decode-numeric-character-reference': [ '2.0.2' ],
436 silly audit   'micromark-util-decode-string': [ '2.0.1' ],
436 silly audit   'micromark-util-encode': [ '2.0.1' ],
436 silly audit   'micromark-util-html-tag-name': [ '2.0.1' ],
436 silly audit   'micromark-util-normalize-identifier': [ '2.0.1' ],
436 silly audit   'micromark-util-resolve-all': [ '2.0.1' ],
436 silly audit   'micromark-util-sanitize-uri': [ '2.0.1' ],
436 silly audit   'micromark-util-subtokenize': [ '2.1.0' ],
436 silly audit   'micromark-util-symbol': [ '2.0.1' ],
436 silly audit   'micromark-util-types': [ '2.0.2' ],
436 silly audit   micromatch: [ '4.0.8' ],
436 silly audit   picomatch: [ '2.3.1', '4.0.3' ],
436 silly audit   'mimic-function': [ '5.0.1' ],
436 silly audit   mrmime: [ '2.0.1' ],
436 silly audit   ms: [ '2.1.3' ],
436 silly audit   nanoid: [ '3.3.11' ],
436 silly audit   neotraverse: [ '0.6.18' ],
436 silly audit   'nlcst-to-string': [ '4.0.0' ],
436 silly audit   'node-releases': [ '2.0.27' ],
436 silly audit   onetime: [ '7.0.0' ],
436 silly audit   'oniguruma-to-es': [ '2.3.0' ],
436 silly audit   ora: [ '8.2.0' ],
436 silly audit   'p-limit': [ '6.2.0', '2.3.0' ],
436 silly audit   'p-locate': [ '4.1.0' ],
436 silly audit   'p-queue': [ '8.1.1' ],
436 silly audit   'p-timeout': [ '6.1.4' ],
436 silly audit   'p-try': [ '2.2.0' ],
436 silly audit   'parse-latin': [ '7.0.0' ],
436 silly audit   parse5: [ '7.3.0' ],
436 silly audit   'path-exists': [ '4.0.0' ],
436 silly audit   picocolors: [ '1.1.1' ],
436 silly audit   pify: [ '4.0.1', '2.3.0' ],
436 silly audit   'pkg-dir': [ '4.2.0' ],
436 silly audit   postcss: [ '8.5.8' ],
436 silly audit   'preferred-pm': [ '4.1.1' ],
436 silly audit   prismjs: [ '1.30.0' ],
436 silly audit   prompts: [ '2.4.2' ],
436 silly audit   'property-information': [ '7.1.0' ],
436 silly audit   'queue-microtask': [ '1.2.3' ],
436 silly audit   regex: [ '5.1.1' ],
436 silly audit   'regex-recursion': [ '5.1.1' ],
436 silly audit   'regex-utilities': [ '2.3.0' ],
436 silly audit   rehype: [ '13.0.2' ],
436 silly audit   'rehype-parse': [ '9.0.1' ],
436 silly audit   'rehype-raw': [ '7.0.0' ],
436 silly audit   'rehype-stringify': [ '10.0.1' ],
436 silly audit   'remark-gfm': [ '4.0.1' ],
436 silly audit   'remark-parse': [ '11.0.0' ],
436 silly audit   'remark-rehype': [ '11.1.2' ],
436 silly audit   'remark-smartypants': [ '3.0.2' ],
436 silly audit   'remark-stringify': [ '11.0.0' ],
436 silly audit   'restore-cursor': [ '5.1.0' ],
436 silly audit   retext: [ '9.0.0' ],
436 silly audit   'retext-latin': [ '4.0.0' ],
436 silly audit   'retext-smartypants': [ '6.2.0' ],
436 silly audit   'retext-stringify': [ '4.0.0' ],
436 silly audit   reusify: [ '1.1.0' ],
436 silly audit   rollup: [ '4.59.0' ],
436 silly audit   'run-parallel': [ '1.2.0' ],
436 silly audit   'section-matter': [ '1.0.0' ],
436 silly audit   sharp: [ '0.33.5' ],
436 silly audit   shiki: [ '1.29.2' ],
436 silly audit   'signal-exit': [ '4.1.0' ],
436 silly audit   'simple-swizzle': [ '0.2.4' ],
436 silly audit   sisteransi: [ '1.0.5' ],
436 silly audit   'source-map-js': [ '1.2.1' ],
436 silly audit   'space-separated-tokens': [ '2.0.2' ],
436 silly audit   'sprintf-js': [ '1.0.3' ],
436 silly audit   'stdin-discarder': [ '0.2.2' ],
436 silly audit   'stringify-entities': [ '4.0.4' ],
436 silly audit   'strip-bom': [ '3.0.0' ],
436 silly audit   'strip-bom-string': [ '1.0.0' ],
436 silly audit   tinyexec: [ '0.3.2' ],
436 silly audit   'to-regex-range': [ '5.0.1' ],
436 silly audit   'trim-lines': [ '3.0.1' ],
436 silly audit   trough: [ '2.2.0' ],
436 silly audit   tsconfck: [ '3.1.6' ],
436 silly audit   tslib: [ '2.8.1' ],
436 silly audit   'type-fest': [ '4.41.0' ],
436 silly audit   typescript: [ '5.9.3' ],
436 silly audit   unified: [ '11.0.5' ],
436 silly audit   'unist-util-find-after': [ '5.0.0' ],
436 silly audit   'unist-util-is': [ '6.0.1' ],
436 silly audit   'unist-util-modify-children': [ '4.0.0' ],
436 silly audit   'unist-util-position': [ '5.0.0' ],
436 silly audit   'unist-util-remove-position': [ '5.0.0' ],
436 silly audit   'unist-util-stringify-position': [ '4.0.0' ],
436 silly audit   'unist-util-visit': [ '5.1.0' ],
436 silly audit   'unist-util-visit-children': [ '3.0.0' ],
436 silly audit   'unist-util-visit-parents': [ '6.0.2' ],
436 silly audit   'update-browserslist-db': [ '1.2.3' ],
436 silly audit   vfile: [ '6.0.3' ],
436 silly audit   'vfile-location': [ '5.0.3' ],
436 silly audit   'vfile-message': [ '4.0.3' ],
436 silly audit   vite: [ '5.4.21' ],
436 silly audit   vitefu: [ '1.1.2' ],
436 silly audit   'web-namespaces': [ '2.0.1' ],
436 silly audit   'which-pm': [ '3.0.1' ],
436 silly audit   'which-pm-runs': [ '1.1.0' ],
436 silly audit   'widest-line': [ '5.0.0' ],
436 silly audit   'wrap-ansi': [ '9.0.2' ],
436 silly audit   'xxhash-wasm': [ '1.1.0' ],
436 silly audit   yallist: [ '3.1.1' ],
436 silly audit   'yargs-parser': [ '21.1.1' ],
436 silly audit   'yocto-queue': [ '1.2.2' ],
436 silly audit   zod: [ '3.25.76' ],
436 silly audit   'zod-to-json-schema': [ '3.25.1' ],
436 silly audit   'zod-to-ts': [ '1.2.0' ],
436 silly audit   zwitch: [ '2.0.4' ],
436 silly audit   '@astrojs/react': [ '3.6.3' ],
436 silly audit   react: [ '18.3.1' ],
436 silly audit   'react-dom': [ '18.3.1' ],
436 silly audit   '@types/react': [ '18.3.28' ],
436 silly audit   '@types/react-dom': [ '18.3.7' ],
436 silly audit   '@astrojs/tailwind': [ '5.1.5' ],
436 silly audit   tailwindcss: [ '3.4.19' ],
436 silly audit   '@vitejs/plugin-react': [ '4.7.0' ],
436 silly audit   ultrahtml: [ '1.6.0' ],
436 silly audit   autoprefixer: [ '10.4.27' ],
436 silly audit   'postcss-load-config': [ '4.0.2' ],
436 silly audit   '@types/prop-types': [ '15.7.15' ],
436 silly audit   csstype: [ '3.2.3' ],
436 silly audit   '@babel/plugin-transform-react-jsx-self': [ '7.27.1' ],
436 silly audit   '@babel/plugin-transform-react-jsx-source': [ '7.27.1' ],
436 silly audit   '@rolldown/pluginutils': [ '1.0.0-beta.27' ],
436 silly audit   'react-refresh': [ '0.17.0' ],
436 silly audit   'fraction.js': [ '5.3.4' ],
436 silly audit   'postcss-value-parser': [ '4.2.0' ],
436 silly audit   lilconfig: [ '3.1.3' ],
436 silly audit   yaml: [ '2.8.2' ],
436 silly audit   'loose-envify': [ '1.4.0' ],
436 silly audit   scheduler: [ '0.23.2' ],
436 silly audit   '@alloc/quick-lru': [ '5.2.0' ],
436 silly audit   arg: [ '5.0.2' ],
436 silly audit   chokidar: [ '3.6.0' ],
436 silly audit   didyoumean: [ '1.2.2' ],
436 silly audit   jiti: [ '1.21.7' ],
436 silly audit   'normalize-path': [ '3.0.0' ],
436 silly audit   'object-hash': [ '3.0.0' ],
436 silly audit   'postcss-import': [ '15.1.0' ],
436 silly audit   'postcss-js': [ '4.1.0' ],
436 silly audit   'postcss-nested': [ '6.2.0' ],
436 silly audit   'postcss-selector-parser': [ '6.1.2' ],
436 silly audit   resolve: [ '1.22.11' ],
436 silly audit   sucrase: [ '3.35.1' ],
436 silly audit   anymatch: [ '3.1.3' ],
436 silly audit   'is-binary-path': [ '2.1.0' ],
436 silly audit   readdirp: [ '3.6.0' ],
436 silly audit   'binary-extensions': [ '2.3.0' ],
436 silly audit   'read-cache': [ '1.0.0' ],
436 silly audit   'camelcase-css': [ '2.0.1' ],
436 silly audit   'util-deprecate': [ '1.0.2' ],
436 silly audit   'is-core-module': [ '2.16.1' ],
436 silly audit   'path-parse': [ '1.0.7' ],
436 silly audit   'supports-preserve-symlinks-flag': [ '1.0.0' ],
436 silly audit   hasown: [ '2.0.2' ],
436 silly audit   'function-bind': [ '1.1.2' ],
436 silly audit   commander: [ '4.1.1' ],
436 silly audit   'lines-and-columns': [ '1.2.4' ],
436 silly audit   mz: [ '2.7.0' ],
436 silly audit   pirates: [ '4.0.7' ],
436 silly audit   tinyglobby: [ '0.2.15' ],
436 silly audit   'ts-interface-checker': [ '0.1.13' ],
436 silly audit   'any-promise': [ '1.3.0' ],
436 silly audit   'object-assign': [ '4.1.1' ],
436 silly audit   'thenify-all': [ '1.6.0' ],
436 silly audit   thenify: [ '3.3.1' ],
436 silly audit   fdir: [ '6.5.0' ]
436 silly audit }
437 http cache fdir@https://registry.npmjs.org/fdir/-/fdir-6.5.0.tgz 0ms (cache hit)
438 http cache thenify@https://registry.npmjs.org/thenify/-/thenify-3.3.1.tgz 0ms (cache hit)
439 http cache thenify-all@https://registry.npmjs.org/thenify-all/-/thenify-all-1.6.0.tgz 0ms (cache hit)
440 http cache object-assign@https://registry.npmjs.org/object-assign/-/object-assign-4.1.1.tgz 0ms (cache hit)
441 http cache any-promise@https://registry.npmjs.org/any-promise/-/any-promise-1.3.0.tgz 0ms (cache hit)
442 http cache pirates@https://registry.npmjs.org/pirates/-/pirates-4.0.7.tgz 0ms (cache hit)
443 http cache tinyglobby@https://registry.npmjs.org/tinyglobby/-/tinyglobby-0.2.15.tgz 0ms (cache hit)
444 http cache ts-interface-checker@https://registry.npmjs.org/ts-interface-checker/-/ts-interface-checker-0.1.13.tgz 0ms (cache hit)
445 http cache lines-and-columns@https://registry.npmjs.org/lines-and-columns/-/lines-and-columns-1.2.4.tgz 0ms (cache hit)
446 http cache commander@https://registry.npmjs.org/commander/-/commander-4.1.1.tgz 0ms (cache hit)
447 http cache mz@https://registry.npmjs.org/mz/-/mz-2.7.0.tgz 0ms (cache hit)
448 http cache hasown@https://registry.npmjs.org/hasown/-/hasown-2.0.2.tgz 0ms (cache hit)
449 http cache function-bind@https://registry.npmjs.org/function-bind/-/function-bind-1.1.2.tgz 0ms (cache hit)
450 http cache supports-preserve-symlinks-flag@https://registry.npmjs.org/supports-preserve-symlinks-flag/-/supports-preserve-symlinks-flag-1.0.0.tgz 0ms (cache hit)
451 http cache path-parse@https://registry.npmjs.org/path-parse/-/path-parse-1.0.7.tgz 0ms (cache hit)
452 http cache is-core-module@https://registry.npmjs.org/is-core-module/-/is-core-module-2.16.1.tgz 0ms (cache hit)
453 http cache util-deprecate@https://registry.npmjs.org/util-deprecate/-/util-deprecate-1.0.2.tgz 0ms (cache hit)
454 http cache camelcase-css@https://registry.npmjs.org/camelcase-css/-/camelcase-css-2.0.1.tgz 0ms (cache hit)
455 http cache read-cache@https://registry.npmjs.org/read-cache/-/read-cache-1.0.0.tgz 0ms (cache hit)
456 http cache binary-extensions@https://registry.npmjs.org/binary-extensions/-/binary-extensions-2.3.0.tgz 0ms (cache hit)
457 http cache readdirp@https://registry.npmjs.org/readdirp/-/readdirp-3.6.0.tgz 0ms (cache hit)
458 http cache is-binary-path@https://registry.npmjs.org/is-binary-path/-/is-binary-path-2.1.0.tgz 0ms (cache hit)
459 http cache anymatch@https://registry.npmjs.org/anymatch/-/anymatch-3.1.3.tgz 0ms (cache hit)
460 http cache sucrase@https://registry.npmjs.org/sucrase/-/sucrase-3.35.1.tgz 0ms (cache hit)
461 http cache resolve@https://registry.npmjs.org/resolve/-/resolve-1.22.11.tgz 0ms (cache hit)
462 http cache postcss-selector-parser@https://registry.npmjs.org/postcss-selector-parser/-/postcss-selector-parser-6.1.2.tgz 0ms (cache hit)
463 http cache postcss-nested@https://registry.npmjs.org/postcss-nested/-/postcss-nested-6.2.0.tgz 0ms (cache hit)
464 http cache postcss-js@https://registry.npmjs.org/postcss-js/-/postcss-js-4.1.0.tgz 0ms (cache hit)
465 http cache postcss-import@https://registry.npmjs.org/postcss-import/-/postcss-import-15.1.0.tgz 0ms (cache hit)
466 http cache object-hash@https://registry.npmjs.org/object-hash/-/object-hash-3.0.0.tgz 0ms (cache hit)
467 http cache normalize-path@https://registry.npmjs.org/normalize-path/-/normalize-path-3.0.0.tgz 0ms (cache hit)
468 http cache jiti@https://registry.npmjs.org/jiti/-/jiti-1.21.7.tgz 0ms (cache hit)
469 http cache didyoumean@https://registry.npmjs.org/didyoumean/-/didyoumean-1.2.2.tgz 0ms (cache hit)
470 http cache chokidar@https://registry.npmjs.org/chokidar/-/chokidar-3.6.0.tgz 0ms (cache hit)
471 http cache arg@https://registry.npmjs.org/arg/-/arg-5.0.2.tgz 0ms (cache hit)
472 http cache @alloc/quick-lru@https://registry.npmjs.org/@alloc/quick-lru/-/quick-lru-5.2.0.tgz 0ms (cache hit)
473 http cache scheduler@https://registry.npmjs.org/scheduler/-/scheduler-0.23.2.tgz 0ms (cache hit)
474 http cache yaml@https://registry.npmjs.org/yaml/-/yaml-2.8.2.tgz 0ms (cache hit)
475 http cache loose-envify@https://registry.npmjs.org/loose-envify/-/loose-envify-1.4.0.tgz 0ms (cache hit)
476 http cache lilconfig@https://registry.npmjs.org/lilconfig/-/lilconfig-3.1.3.tgz 0ms (cache hit)
477 http cache postcss-value-parser@https://registry.npmjs.org/postcss-value-parser/-/postcss-value-parser-4.2.0.tgz 0ms (cache hit)
478 http cache fraction.js@https://registry.npmjs.org/fraction.js/-/fraction.js-5.3.4.tgz 0ms (cache hit)
479 http cache react-refresh@https://registry.npmjs.org/react-refresh/-/react-refresh-0.17.0.tgz 0ms (cache hit)
480 http cache @rolldown/pluginutils@https://registry.npmjs.org/@rolldown/pluginutils/-/pluginutils-1.0.0-beta.27.tgz 0ms (cache hit)
481 http cache @babel/plugin-transform-react-jsx-source@https://registry.npmjs.org/@babel/plugin-transform-react-jsx-source/-/plugin-transform-react-jsx-source-7.27.1.tgz 0ms (cache hit)
482 http cache csstype@https://registry.npmjs.org/csstype/-/csstype-3.2.3.tgz 0ms (cache hit)
483 http cache @babel/plugin-transform-react-jsx-self@https://registry.npmjs.org/@babel/plugin-transform-react-jsx-self/-/plugin-transform-react-jsx-self-7.27.1.tgz 0ms (cache hit)
484 http cache @types/prop-types@https://registry.npmjs.org/@types/prop-types/-/prop-types-15.7.15.tgz 0ms (cache hit)
485 http cache postcss-load-config@https://registry.npmjs.org/postcss-load-config/-/postcss-load-config-4.0.2.tgz 0ms (cache hit)
486 http cache autoprefixer@https://registry.npmjs.org/autoprefixer/-/autoprefixer-10.4.27.tgz 0ms (cache hit)
487 http cache ultrahtml@https://registry.npmjs.org/ultrahtml/-/ultrahtml-1.6.0.tgz 0ms (cache hit)
488 http cache @vitejs/plugin-react@https://registry.npmjs.org/@vitejs/plugin-react/-/plugin-react-4.7.0.tgz 0ms (cache hit)
489 http cache tailwindcss@https://registry.npmjs.org/tailwindcss/-/tailwindcss-3.4.19.tgz 0ms (cache hit)
490 http cache @astrojs/tailwind@https://registry.npmjs.org/@astrojs/tailwind/-/tailwind-5.1.5.tgz 0ms (cache hit)
491 http cache @types/react-dom@https://registry.npmjs.org/@types/react-dom/-/react-dom-18.3.7.tgz 0ms (cache hit)
492 http cache @types/react@https://registry.npmjs.org/@types/react/-/react-18.3.28.tgz 0ms (cache hit)
493 http cache react-dom@https://registry.npmjs.org/react-dom/-/react-dom-18.3.1.tgz 0ms (cache hit)
494 http cache react@https://registry.npmjs.org/react/-/react-18.3.1.tgz 0ms (cache hit)
495 http cache @astrojs/react@https://registry.npmjs.org/@astrojs/react/-/react-3.6.3.tgz 0ms (cache hit)
496 http cache fsevents@https://registry.npmjs.org/fsevents/-/fsevents-2.3.3.tgz 0ms (cache hit)
497 http cache pify@https://registry.npmjs.org/pify/-/pify-2.3.0.tgz 0ms (cache hit)
498 http cache picomatch@https://registry.npmjs.org/picomatch/-/picomatch-2.3.1.tgz 0ms (cache hit)
499 http cache picomatch@https://registry.npmjs.org/picomatch/-/picomatch-2.3.1.tgz 0ms (cache hit)
500 http cache glob-parent@https://registry.npmjs.org/glob-parent/-/glob-parent-6.0.2.tgz 0ms (cache hit)
501 silly tarball no local data for fdir@https://registry.npmjs.org/fdir/-/fdir-6.5.0.tgz. Extracting by manifest.
502 silly tarball no local data for thenify@https://registry.npmjs.org/thenify/-/thenify-3.3.1.tgz. Extracting by manifest.
503 silly tarball no local data for thenify-all@https://registry.npmjs.org/thenify-all/-/thenify-all-1.6.0.tgz. Extracting by manifest.
504 silly tarball no local data for object-assign@https://registry.npmjs.org/object-assign/-/object-assign-4.1.1.tgz. Extracting by manifest.
505 silly tarball no local data for any-promise@https://registry.npmjs.org/any-promise/-/any-promise-1.3.0.tgz. Extracting by manifest.
506 silly tarball no local data for pirates@https://registry.npmjs.org/pirates/-/pirates-4.0.7.tgz. Extracting by manifest.
507 silly tarball no local data for tinyglobby@https://registry.npmjs.org/tinyglobby/-/tinyglobby-0.2.15.tgz. Extracting by manifest.
508 silly tarball no local data for ts-interface-checker@https://registry.npmjs.org/ts-interface-checker/-/ts-interface-checker-0.1.13.tgz. Extracting by manifest.
509 silly tarball no local data for lines-and-columns@https://registry.npmjs.org/lines-and-columns/-/lines-and-columns-1.2.4.tgz. Extracting by manifest.
510 silly tarball no local data for commander@https://registry.npmjs.org/commander/-/commander-4.1.1.tgz. Extracting by manifest.
511 silly tarball no local data for mz@https://registry.npmjs.org/mz/-/mz-2.7.0.tgz. Extracting by manifest.
512 silly tarball no local data for hasown@https://registry.npmjs.org/hasown/-/hasown-2.0.2.tgz. Extracting by manifest.
513 silly tarball no local data for function-bind@https://registry.npmjs.org/function-bind/-/function-bind-1.1.2.tgz. Extracting by manifest.
514 silly tarball no local data for supports-preserve-symlinks-flag@https://registry.npmjs.org/supports-preserve-symlinks-flag/-/supports-preserve-symlinks-flag-1.0.0.tgz. Extracting by manifest.
515 silly tarball no local data for path-parse@https://registry.npmjs.org/path-parse/-/path-parse-1.0.7.tgz. Extracting by manifest.
516 silly tarball no local data for is-core-module@https://registry.npmjs.org/is-core-module/-/is-core-module-2.16.1.tgz. Extracting by manifest.
517 silly tarball no local data for util-deprecate@https://registry.npmjs.org/util-deprecate/-/util-deprecate-1.0.2.tgz. Extracting by manifest.
518 silly tarball no local data for camelcase-css@https://registry.npmjs.org/camelcase-css/-/camelcase-css-2.0.1.tgz. Extracting by manifest.
519 silly tarball no local data for read-cache@https://registry.npmjs.org/read-cache/-/read-cache-1.0.0.tgz. Extracting by manifest.
520 silly tarball no local data for binary-extensions@https://registry.npmjs.org/binary-extensions/-/binary-extensions-2.3.0.tgz. Extracting by manifest.
521 silly tarball no local data for readdirp@https://registry.npmjs.org/readdirp/-/readdirp-3.6.0.tgz. Extracting by manifest.
522 silly tarball no local data for is-binary-path@https://registry.npmjs.org/is-binary-path/-/is-binary-path-2.1.0.tgz. Extracting by manifest.
523 silly tarball no local data for anymatch@https://registry.npmjs.org/anymatch/-/anymatch-3.1.3.tgz. Extracting by manifest.
524 silly tarball no local data for sucrase@https://registry.npmjs.org/sucrase/-/sucrase-3.35.1.tgz. Extracting by manifest.
525 silly tarball no local data for resolve@https://registry.npmjs.org/resolve/-/resolve-1.22.11.tgz. Extracting by manifest.
526 silly tarball no local data for postcss-selector-parser@https://registry.npmjs.org/postcss-selector-parser/-/postcss-selector-parser-6.1.2.tgz. Extracting by manifest.
527 silly tarball no local data for postcss-nested@https://registry.npmjs.org/postcss-nested/-/postcss-nested-6.2.0.tgz. Extracting by manifest.
528 silly tarball no local data for postcss-js@https://registry.npmjs.org/postcss-js/-/postcss-js-4.1.0.tgz. Extracting by manifest.
529 silly tarball no local data for postcss-import@https://registry.npmjs.org/postcss-import/-/postcss-import-15.1.0.tgz. Extracting by manifest.
530 silly tarball no local data for object-hash@https://registry.npmjs.org/object-hash/-/object-hash-3.0.0.tgz. Extracting by manifest.
531 silly tarball no local data for normalize-path@https://registry.npmjs.org/normalize-path/-/normalize-path-3.0.0.tgz. Extracting by manifest.
532 silly tarball no local data for jiti@https://registry.npmjs.org/jiti/-/jiti-1.21.7.tgz. Extracting by manifest.
533 silly tarball no local data for didyoumean@https://registry.npmjs.org/didyoumean/-/didyoumean-1.2.2.tgz. Extracting by manifest.
534 silly tarball no local data for chokidar@https://registry.npmjs.org/chokidar/-/chokidar-3.6.0.tgz. Extracting by manifest.
535 silly tarball no local data for arg@https://registry.npmjs.org/arg/-/arg-5.0.2.tgz. Extracting by manifest.
536 silly tarball no local data for @alloc/quick-lru@https://registry.npmjs.org/@alloc/quick-lru/-/quick-lru-5.2.0.tgz. Extracting by manifest.
537 silly tarball no local data for scheduler@https://registry.npmjs.org/scheduler/-/scheduler-0.23.2.tgz. Extracting by manifest.
538 silly tarball no local data for yaml@https://registry.npmjs.org/yaml/-/yaml-2.8.2.tgz. Extracting by manifest.
539 silly tarball no local data for loose-envify@https://registry.npmjs.org/loose-envify/-/loose-envify-1.4.0.tgz. Extracting by manifest.
540 silly tarball no local data for lilconfig@https://registry.npmjs.org/lilconfig/-/lilconfig-3.1.3.tgz. Extracting by manifest.
541 silly tarball no local data for postcss-value-parser@https://registry.npmjs.org/postcss-value-parser/-/postcss-value-parser-4.2.0.tgz. Extracting by manifest.
542 silly tarball no local data for fraction.js@https://registry.npmjs.org/fraction.js/-/fraction.js-5.3.4.tgz. Extracting by manifest.
543 silly tarball no local data for react-refresh@https://registry.npmjs.org/react-refresh/-/react-refresh-0.17.0.tgz. Extracting by manifest.
544 silly tarball no local data for @rolldown/pluginutils@https://registry.npmjs.org/@rolldown/pluginutils/-/pluginutils-1.0.0-beta.27.tgz. Extracting by manifest.
545 silly tarball no local data for @babel/plugin-transform-react-jsx-source@https://registry.npmjs.org/@babel/plugin-transform-react-jsx-source/-/plugin-transform-react-jsx-source-7.27.1.tgz. Extracting by manifest.
546 silly tarball no local data for csstype@https://registry.npmjs.org/csstype/-/csstype-3.2.3.tgz. Extracting by manifest.
547 silly tarball no local data for @babel/plugin-transform-react-jsx-self@https://registry.npmjs.org/@babel/plugin-transform-react-jsx-self/-/plugin-transform-react-jsx-self-7.27.1.tgz. Extracting by manifest.
548 silly tarball no local data for @types/prop-types@https://registry.npmjs.org/@types/prop-types/-/prop-types-15.7.15.tgz. Extracting by manifest.
549 silly tarball no local data for postcss-load-config@https://registry.npmjs.org/postcss-load-config/-/postcss-load-config-4.0.2.tgz. Extracting by manifest.
550 silly tarball no local data for autoprefixer@https://registry.npmjs.org/autoprefixer/-/autoprefixer-10.4.27.tgz. Extracting by manifest.
551 silly tarball no local data for ultrahtml@https://registry.npmjs.org/ultrahtml/-/ultrahtml-1.6.0.tgz. Extracting by manifest.
552 silly tarball no local data for @vitejs/plugin-react@https://registry.npmjs.org/@vitejs/plugin-react/-/plugin-react-4.7.0.tgz. Extracting by manifest.
553 silly tarball no local data for tailwindcss@https://registry.npmjs.org/tailwindcss/-/tailwindcss-3.4.19.tgz. Extracting by manifest.
554 silly tarball no local data for @astrojs/tailwind@https://registry.npmjs.org/@astrojs/tailwind/-/tailwind-5.1.5.tgz. Extracting by manifest.
555 silly tarball no local data for @types/react-dom@https://registry.npmjs.org/@types/react-dom/-/react-dom-18.3.7.tgz. Extracting by manifest.
556 silly tarball no local data for @types/react@https://registry.npmjs.org/@types/react/-/react-18.3.28.tgz. Extracting by manifest.
557 silly tarball no local data for react-dom@https://registry.npmjs.org/react-dom/-/react-dom-18.3.1.tgz. Extracting by manifest.
558 silly tarball no local data for react@https://registry.npmjs.org/react/-/react-18.3.1.tgz. Extracting by manifest.
559 silly tarball no local data for @astrojs/react@https://registry.npmjs.org/@astrojs/react/-/react-3.6.3.tgz. Extracting by manifest.
560 silly tarball no local data for fsevents@https://registry.npmjs.org/fsevents/-/fsevents-2.3.3.tgz. Extracting by manifest.
561 silly tarball no local data for pify@https://registry.npmjs.org/pify/-/pify-2.3.0.tgz. Extracting by manifest.
562 silly tarball no local data for picomatch@https://registry.npmjs.org/picomatch/-/picomatch-2.3.1.tgz. Extracting by manifest.
563 silly tarball no local data for picomatch@https://registry.npmjs.org/picomatch/-/picomatch-2.3.1.tgz. Extracting by manifest.
564 silly tarball no local data for glob-parent@https://registry.npmjs.org/glob-parent/-/glob-parent-6.0.2.tgz. Extracting by manifest.
565 http fetch POST 200 https://registry.npmjs.org/-/npm/v1/security/advisories/bulk 87ms
566 silly audit report {
566 silly audit report   astro: [
566 silly audit report     {
566 silly audit report       id: 1111026,
566 silly audit report       url: 'https://github.com/advisories/GHSA-fvmw-cj7j-j39q',
566 silly audit report       title: 'Astro Cloudflare adapter has Stored Cross-site Scripting vulnerability in /_image endpoint',
566 silly audit report       severity: 'moderate',
566 silly audit report       vulnerable_versions: '<5.15.9',
566 silly audit report       cwe: [Array],
566 silly audit report       cvss: [Object]
566 silly audit report     },
566 silly audit report     {
566 silly audit report       id: 1111027,
566 silly audit report       url: 'https://github.com/advisories/GHSA-ggxq-hp9w-j794',
566 silly audit report       title: "Astro's middleware authentication checks based on url.pathname can be bypassed via url encoded values",
566 silly audit report       severity: 'moderate',
566 silly audit report       vulnerable_versions: '<5.15.8',
566 silly audit report       cwe: [Array],
566 silly audit report       cvss: [Object]
566 silly audit report     },
566 silly audit report     {
566 silly audit report       id: 1111294,
566 silly audit report       url: 'https://github.com/advisories/GHSA-whqg-ppgf-wp8c',
566 silly audit report       title: 'Astro has an Authentication Bypass via Double URL Encoding, a bypass for CVE-2025-64765',
566 silly audit report       severity: 'moderate',
566 silly audit report       vulnerable_versions: '<5.15.8',
566 silly audit report       cwe: [Array],
566 silly audit report       cvss: [Object]
566 silly audit report     },
566 silly audit report     {
566 silly audit report       id: 1108906,
566 silly audit report       url: 'https://github.com/advisories/GHSA-5ff5-9fcw-vg88',
566 silly audit report       title: "Astro's `X-Forwarded-Host` is reflected without validation",
566 silly audit report       severity: 'moderate',
566 silly audit report       vulnerable_versions: '<5.14.3',
566 silly audit report       cwe: [Array],
566 silly audit report       cvss: [Object]
566 silly audit report     },
566 silly audit report     {
566 silly audit report       id: 1109738,
566 silly audit report       url: 'https://github.com/advisories/GHSA-hr2q-hp5q-x767',
566 silly audit report       title: 'Astro vulnerable to URL manipulation via headers, leading to middleware and CVE-2025-61925 bypass',
566 silly audit report       severity: 'moderate',
566 silly audit report       vulnerable_versions: '>=2.16.0 <5.15.5',
566 silly audit report       cwe: [Array],
566 silly audit report       cvss: [Object]
566 silly audit report     },
566 silly audit report     {
566 silly audit report       id: 1109850,
566 silly audit report       url: 'https://github.com/advisories/GHSA-wrwg-2hg8-v723',
566 silly audit report       title: 'Astro vulnerable to reflected XSS via the server islands feature',
566 silly audit report       severity: 'high',
566 silly audit report       vulnerable_versions: '<=5.15.6',
566 silly audit report       cwe: [Array],
566 silly audit report       cvss: [Object]
566 silly audit report     },
566 silly audit report     {
566 silly audit report       id: 1109851,
566 silly audit report       url: 'https://github.com/advisories/GHSA-x3h8-62x9-952g',
566 silly audit report       title: 'Astro Development Server has Arbitrary Local File Read',
566 silly audit report       severity: 'low',
566 silly audit report       vulnerable_versions: '<5.14.3',
566 silly audit report       cwe: [Array],
566 silly audit report       cvss: [Object]
566 silly audit report     }
566 silly audit report   ],
566 silly audit report   esbuild: [
566 silly audit report     {
566 silly audit report       id: 1102341,
566 silly audit report       url: 'https://github.com/advisories/GHSA-67mh-4wv8-2f99',
566 silly audit report       title: 'esbuild enables any website to send any requests to the development server and read the response',
566 silly audit report       severity: 'moderate',
566 silly audit report       vulnerable_versions: '<=0.24.2',
566 silly audit report       cwe: [Array],
566 silly audit report       cvss: [Object]
566 silly audit report     }
566 silly audit report   ]
566 silly audit report }
567 silly packumentCache corgi:https://registry.npmjs.org/astro cache-miss
568 silly packumentCache corgi:https://registry.npmjs.org/esbuild cache-miss
569 http fetch GET 200 https://registry.npmjs.org/thenify-all/-/thenify-all-1.6.0.tgz 81ms (cache miss)
570 http fetch GET 200 https://registry.npmjs.org/thenify/-/thenify-3.3.1.tgz 81ms (cache miss)
571 http fetch GET 200 https://registry.npmjs.org/object-assign/-/object-assign-4.1.1.tgz 81ms (cache miss)
572 http fetch GET 200 https://registry.npmjs.org/any-promise/-/any-promise-1.3.0.tgz 82ms (cache miss)
573 http fetch GET 200 https://registry.npmjs.org/pirates/-/pirates-4.0.7.tgz 82ms (cache miss)
574 http fetch GET 200 https://registry.npmjs.org/fdir/-/fdir-6.5.0.tgz 83ms (cache miss)
575 http fetch GET 200 https://registry.npmjs.org/util-deprecate/-/util-deprecate-1.0.2.tgz 120ms (cache miss)
576 http fetch GET 200 https://registry.npmjs.org/path-parse/-/path-parse-1.0.7.tgz 120ms (cache miss)
577 http fetch GET 200 https://registry.npmjs.org/read-cache/-/read-cache-1.0.0.tgz 121ms (cache miss)
578 http fetch GET 200 https://registry.npmjs.org/camelcase-css/-/camelcase-css-2.0.1.tgz 121ms (cache miss)
579 http fetch GET 200 https://registry.npmjs.org/is-core-module/-/is-core-module-2.16.1.tgz 125ms (cache miss)
580 http fetch GET 200 https://registry.npmjs.org/readdirp/-/readdirp-3.6.0.tgz 137ms (cache miss)
581 http fetch GET 200 https://registry.npmjs.org/binary-extensions/-/binary-extensions-2.3.0.tgz 148ms (cache miss)
582 http fetch GET 200 https://registry.npmjs.org/anymatch/-/anymatch-3.1.3.tgz 192ms (cache miss)
583 http fetch GET 200 https://registry.npmjs.org/is-binary-path/-/is-binary-path-2.1.0.tgz 192ms (cache miss)
584 http fetch GET 200 https://registry.npmjs.org/postcss-nested/-/postcss-nested-6.2.0.tgz 198ms (cache miss)
585 http fetch GET 200 https://registry.npmjs.org/postcss-selector-parser/-/postcss-selector-parser-6.1.2.tgz 202ms (cache miss)
586 http fetch GET 200 https://registry.npmjs.org/hasown/-/hasown-2.0.2.tgz 206ms (cache miss)
587 http fetch GET 200 https://registry.npmjs.org/lines-and-columns/-/lines-and-columns-1.2.4.tgz 207ms (cache miss)
588 http fetch GET 200 https://registry.npmjs.org/mz/-/mz-2.7.0.tgz 209ms (cache miss)
589 http fetch GET 200 https://registry.npmjs.org/supports-preserve-symlinks-flag/-/supports-preserve-symlinks-flag-1.0.0.tgz 213ms (cache miss)
590 http fetch GET 200 https://registry.npmjs.org/function-bind/-/function-bind-1.1.2.tgz 215ms (cache miss)
591 http fetch GET 200 https://registry.npmjs.org/postcss-js/-/postcss-js-4.1.0.tgz 213ms (cache miss)
592 http fetch GET 200 https://registry.npmjs.org/commander/-/commander-4.1.1.tgz 222ms (cache miss)
593 http fetch GET 200 https://registry.npmjs.org/ts-interface-checker/-/ts-interface-checker-0.1.13.tgz 222ms (cache miss)
594 http fetch GET 200 https://registry.npmjs.org/resolve/-/resolve-1.22.11.tgz 225ms (cache miss)
595 http fetch GET 200 https://registry.npmjs.org/tinyglobby/-/tinyglobby-0.2.15.tgz 229ms (cache miss)
596 http fetch GET 200 https://registry.npmjs.org/postcss-import/-/postcss-import-15.1.0.tgz 233ms (cache miss)
597 http fetch GET 200 https://registry.npmjs.org/object-hash/-/object-hash-3.0.0.tgz 240ms (cache miss)
598 http fetch GET 200 https://registry.npmjs.org/normalize-path/-/normalize-path-3.0.0.tgz 242ms (cache miss)
599 http fetch GET 200 https://registry.npmjs.org/sucrase/-/sucrase-3.35.1.tgz 246ms (cache miss)
600 http fetch GET 200 https://registry.npmjs.org/didyoumean/-/didyoumean-1.2.2.tgz 252ms (cache miss)
601 http fetch GET 200 https://registry.npmjs.org/chokidar/-/chokidar-3.6.0.tgz 252ms (cache miss)
602 http fetch GET 200 https://registry.npmjs.org/jiti/-/jiti-1.21.7.tgz 253ms (cache miss)
603 http fetch GET 200 https://registry.npmjs.org/lilconfig/-/lilconfig-3.1.3.tgz 270ms (cache miss)
604 http fetch GET 200 https://registry.npmjs.org/scheduler/-/scheduler-0.23.2.tgz 273ms (cache miss)
605 http fetch GET 200 https://registry.npmjs.org/loose-envify/-/loose-envify-1.4.0.tgz 274ms (cache miss)
606 http fetch GET 200 https://registry.npmjs.org/@alloc/quick-lru/-/quick-lru-5.2.0.tgz 285ms (cache miss)
607 http fetch GET 200 https://registry.npmjs.org/postcss-value-parser/-/postcss-value-parser-4.2.0.tgz 293ms (cache miss)
608 http fetch GET 200 https://registry.npmjs.org/csstype/-/csstype-3.2.3.tgz 298ms (cache miss)
609 http fetch GET 200 https://registry.npmjs.org/fraction.js/-/fraction.js-5.3.4.tgz 300ms (cache miss)
610 http fetch GET 200 https://registry.npmjs.org/@babel/plugin-transform-react-jsx-source/-/plugin-transform-react-jsx-source-7.27.1.tgz 301ms (cache miss)
611 http fetch GET 200 https://registry.npmjs.org/react-refresh/-/react-refresh-0.17.0.tgz 305ms (cache miss)
612 http fetch GET 200 https://registry.npmjs.org/@rolldown/pluginutils/-/pluginutils-1.0.0-beta.27.tgz 305ms (cache miss)
613 http fetch GET 200 https://registry.npmjs.org/postcss-load-config/-/postcss-load-config-4.0.2.tgz 307ms (cache miss)
614 http fetch GET 200 https://registry.npmjs.org/@types/prop-types/-/prop-types-15.7.15.tgz 310ms (cache miss)
615 http fetch GET 200 https://registry.npmjs.org/yaml/-/yaml-2.8.2.tgz 321ms (cache miss)
616 http fetch GET 200 https://registry.npmjs.org/@babel/plugin-transform-react-jsx-self/-/plugin-transform-react-jsx-self-7.27.1.tgz 322ms (cache miss)
617 http fetch GET 200 https://registry.npmjs.org/autoprefixer/-/autoprefixer-10.4.27.tgz 335ms (cache miss)
618 http fetch GET 200 https://registry.npmjs.org/@vitejs/plugin-react/-/plugin-react-4.7.0.tgz 353ms (cache miss)
619 http fetch GET 200 https://registry.npmjs.org/ultrahtml/-/ultrahtml-1.6.0.tgz 357ms (cache miss)
620 http fetch GET 200 https://registry.npmjs.org/fsevents/-/fsevents-2.3.3.tgz 365ms (cache miss)
621 http fetch GET 200 https://registry.npmjs.org/pify/-/pify-2.3.0.tgz 368ms (cache miss)
622 http fetch GET 200 https://registry.npmjs.org/picomatch/-/picomatch-2.3.1.tgz 370ms (cache miss)
623 http fetch GET 200 https://registry.npmjs.org/@types/react-dom/-/react-dom-18.3.7.tgz 373ms (cache miss)
624 http fetch GET 200 https://registry.npmjs.org/@astrojs/tailwind/-/tailwind-5.1.5.tgz 378ms (cache miss)
625 http fetch GET 200 https://registry.npmjs.org/@astrojs/react/-/react-3.6.3.tgz 379ms (cache miss)
626 http fetch GET 200 https://registry.npmjs.org/picomatch/-/picomatch-2.3.1.tgz 390ms (cache miss)
627 http fetch GET 200 https://registry.npmjs.org/glob-parent/-/glob-parent-6.0.2.tgz 390ms (cache miss)
628 http fetch GET 200 https://registry.npmjs.org/arg/-/arg-5.0.2.tgz 402ms (cache miss)
629 http fetch GET 200 https://registry.npmjs.org/react/-/react-18.3.1.tgz 412ms (cache miss)
630 http fetch GET 200 https://registry.npmjs.org/@types/react/-/react-18.3.28.tgz 430ms (cache miss)
631 http fetch GET 200 https://registry.npmjs.org/react-dom/-/react-dom-18.3.1.tgz 487ms (cache miss)
632 http fetch GET 200 https://registry.npmjs.org/astro 428ms (cache miss)
633 silly packumentCache corgi:https://registry.npmjs.org/astro set size:undefined disposed:false
634 http fetch GET 200 https://registry.npmjs.org/esbuild 524ms (cache miss)
635 silly packumentCache corgi:https://registry.npmjs.org/esbuild set size:undefined disposed:false
636 silly packumentCache corgi:https://registry.npmjs.org/@astrojs%2ftailwind cache-miss
637 http fetch GET 200 https://registry.npmjs.org/tailwindcss/-/tailwindcss-3.4.19.tgz 619ms (cache miss)
638 http fetch GET 200 https://registry.npmjs.org/@astrojs%2ftailwind 75ms (cache miss)
639 silly packumentCache corgi:https://registry.npmjs.org/@astrojs%2ftailwind set size:undefined disposed:false
640 silly packumentCache corgi:https://registry.npmjs.org/vite cache-miss
641 http fetch GET 200 https://registry.npmjs.org/vite 113ms (cache miss)
642 silly packumentCache corgi:https://registry.npmjs.org/vite set size:undefined disposed:false
643 silly packumentCache corgi:https://registry.npmjs.org/vitefu cache-miss
644 silly packumentCache corgi:https://registry.npmjs.org/@astrojs%2freact cache-miss
645 silly packumentCache corgi:https://registry.npmjs.org/@vitejs%2fplugin-react cache-miss
646 http fetch GET 200 https://registry.npmjs.org/vitefu 148ms (cache miss)
647 silly packumentCache corgi:https://registry.npmjs.org/vitefu set size:undefined disposed:false
648 http fetch GET 200 https://registry.npmjs.org/@vitejs%2fplugin-react 167ms (cache miss)
649 silly packumentCache corgi:https://registry.npmjs.org/@vitejs%2fplugin-react set size:undefined disposed:false
650 http fetch GET 200 https://registry.npmjs.org/@astrojs%2freact 185ms (cache miss)
651 silly packumentCache corgi:https://registry.npmjs.org/@astrojs%2freact set size:undefined disposed:false
652 silly ADD node_modules/fdir
653 silly ADD node_modules/thenify
654 silly ADD node_modules/thenify-all
655 silly ADD node_modules/object-assign
656 silly ADD node_modules/any-promise
657 silly ADD node_modules/ts-interface-checker
658 silly ADD node_modules/tinyglobby
659 silly ADD node_modules/pirates
660 silly ADD node_modules/mz
661 silly ADD node_modules/lines-and-columns
662 silly ADD node_modules/commander
663 silly ADD node_modules/function-bind
664 silly ADD node_modules/hasown
665 silly ADD node_modules/supports-preserve-symlinks-flag
666 silly ADD node_modules/path-parse
667 silly ADD node_modules/is-core-module
668 silly ADD node_modules/util-deprecate
669 silly ADD node_modules/camelcase-css
670 silly ADD node_modules/read-cache
671 silly ADD node_modules/read-cache/node_modules/pify
672 silly ADD node_modules/binary-extensions
673 silly ADD node_modules/readdirp
674 silly ADD node_modules/readdirp/node_modules/picomatch
675 silly ADD node_modules/is-binary-path
676 silly ADD node_modules/anymatch
677 silly ADD node_modules/anymatch/node_modules/picomatch
678 silly ADD node_modules/sucrase
679 silly ADD node_modules/resolve
680 silly ADD node_modules/postcss-selector-parser
681 silly ADD node_modules/postcss-nested
682 silly ADD node_modules/postcss-js
683 silly ADD node_modules/postcss-import
684 silly ADD node_modules/object-hash
685 silly ADD node_modules/normalize-path
686 silly ADD node_modules/jiti
687 silly ADD node_modules/didyoumean
688 silly ADD node_modules/chokidar
689 silly ADD node_modules/arg
690 silly ADD node_modules/@alloc/quick-lru
691 silly ADD node_modules/scheduler
692 silly ADD node_modules/loose-envify
693 silly ADD node_modules/yaml
694 silly ADD node_modules/lilconfig
695 silly ADD node_modules/postcss-value-parser
696 silly ADD node_modules/fraction.js
697 silly ADD node_modules/react-refresh
698 silly ADD node_modules/@rolldown/pluginutils
699 silly ADD node_modules/@babel/plugin-transform-react-jsx-source
700 silly ADD node_modules/@babel/plugin-transform-react-jsx-self
701 silly ADD node_modules/csstype
702 silly ADD node_modules/@types/prop-types
703 silly ADD node_modules/postcss-load-config
704 silly ADD node_modules/autoprefixer
705 silly ADD node_modules/ultrahtml
706 silly ADD node_modules/@vitejs/plugin-react
707 silly ADD node_modules/tailwindcss
708 silly ADD node_modules/tailwindcss/node_modules/glob-parent
709 silly ADD node_modules/@astrojs/tailwind
710 silly ADD node_modules/@types/react-dom
711 silly ADD node_modules/@types/react
712 silly ADD node_modules/react-dom
713 silly ADD node_modules/react
714 silly ADD node_modules/@astrojs/react
715 silly ADD node_modules/fsevents
716 verbose cwd /Users/admin/scholarhat
717 verbose os Darwin 25.3.0
718 verbose node v24.14.0
719 verbose npm  v11.9.0
720 verbose exit 0
721 info ok
